ERROR - 2023-10-12 01:58:58 --> Error connecting to the database: mysqli_sql_exception: No connection could be made because the target machine actively refused it in C:\ari\system\Database\MySQLi\Connection.php:184
Stack trace:
#0 C:\ari\system\Database\MySQLi\Connection.php(184): mysqli->real_connect('localhost', 'root', Object(SensitiveParameterValue), 'gudang', 3306, '', 0)
#1 C:\ari\system\Database\BaseConnection.php(391): CodeIgniter\Database\MySQLi\Connection->connect(false)
#2 C:\ari\system\Database\BaseConnection.php(574): CodeIgniter\Database\BaseConnection->initialize()
#3 C:\ari\system\Database\BaseBuilder.php(1749): CodeIgniter\Database\BaseConnection->query('SELECT *\nFROM `...', Array, false)
#4 C:\ari\app\Models\M_gudang.php(31): CodeIgniter\Database\BaseBuilder->getWhere(Array)
#5 C:\ari\app\Controllers\Home.php(442): App\Models\M_gudang->getWhere('user', Array)
#6 C:\ari\system\CodeIgniter.php(915): App\Controllers\Home->aksi_login()
#7 C:\ari\system\CodeIgniter.php(492): CodeIgniter\CodeIgniter->runController(Object(App\Controllers\Home))
#8 C:\ari\system\CodeIgniter.php(353): CodeIgniter\CodeIgniter->handleRequest(NULL, Object(Config\Cache), false)
#9 C:\ari\public\index.php(79): CodeIgniter\CodeIgniter->run()
#10 C:\ari\system\Commands\Server\rewrite.php(47): require_once('C:\\ari\\public\\i...')
#11 {main}

Next CodeIgniter\Database\Exceptions\DatabaseException: No connection could be made because the target machine actively refused it in C:\ari\system\Database\MySQLi\Connection.php:229
Stack trace:
#0 C:\ari\system\Database\BaseConnection.php(391): CodeIgniter\Database\MySQLi\Connection->connect(false)
#1 C:\ari\system\Database\BaseConnection.php(574): CodeIgniter\Database\BaseConnection->initialize()
#2 C:\ari\system\Database\BaseBuilder.php(1749): CodeIgniter\Database\BaseConnection->query('SELECT *\nFROM `...', Array, false)
#3 C:\ari\app\Models\M_gudang.php(31): CodeIgniter\Database\BaseBuilder->getWhere(Array)
#4 C:\ari\app\Controllers\Home.php(442): App\Models\M_gudang->getWhere('user', Array)
#5 C:\ari\system\CodeIgniter.php(915): App\Controllers\Home->aksi_login()
#6 C:\ari\system\CodeIgniter.php(492): CodeIgniter\CodeIgniter->runController(Object(App\Controllers\Home))
#7 C:\ari\system\CodeIgniter.php(353): CodeIgniter\CodeIgniter->handleRequest(NULL, Object(Config\Cache), false)
#8 C:\ari\public\index.php(79): CodeIgniter\CodeIgniter->run()
#9 C:\ari\system\Commands\Server\rewrite.php(47): require_once('C:\\ari\\public\\i...')
#10 {main}
CRITICAL - 2023-10-12 01:58:58 --> Unable to connect to the database.
Main connection [MySQLi]: No connection could be made because the target machine actively refused it
in SYSTEMPATH\Database\BaseConnection.php on line 427.
 1 SYSTEMPATH\Database\BaseConnection.php(574): CodeIgniter\Database\BaseConnection->initialize()
 2 SYSTEMPATH\Database\BaseBuilder.php(1749): CodeIgniter\Database\BaseConnection->query('SELECT *
FROM `user`
WHERE `username` = :username:
AND `pw` = :pw:', [...], false)
 3 APPPATH\Models\M_gudang.php(31): CodeIgniter\Database\BaseBuilder->getWhere([...])
 4 APPPATH\Controllers\Home.php(442): App\Models\M_gudang->getWhere('user', [...])
 5 SYSTEMPATH\CodeIgniter.php(915): App\Controllers\Home->aksi_login()
 6 SYSTEMPATH\CodeIgniter.php(492): CodeIgniter\CodeIgniter->runController(Object(App\Controllers\Home))
 7 SYSTEMPATH\CodeIgniter.php(353): CodeIgniter\CodeIgniter->handleRequest(null, Object(Config\Cache), false)
 8 FCPATH\index.php(79): CodeIgniter\CodeIgniter->run()
 9 SYSTEMPATH\Commands\Server\rewrite.php(47): require_once('C:\\ari\\public\\index.php')
CRITICAL - 2023-10-12 04:21:34 --> Too few arguments to function App\Controllers\Home::pp(), 0 passed in C:\ari\system\CodeIgniter.php on line 915 and exactly 1 expected
in APPPATH\Controllers\Home.php on line 537.
 1 SYSTEMPATH\CodeIgniter.php(915): App\Controllers\Home->pp()
 2 SYSTEMPATH\CodeIgniter.php(492): CodeIgniter\CodeIgniter->runController(Object(App\Controllers\Home))
 3 SYSTEMPATH\CodeIgniter.php(353): CodeIgniter\CodeIgniter->handleRequest(null, Object(Config\Cache), false)
 4 FCPATH\index.php(79): CodeIgniter\CodeIgniter->run()
 5 SYSTEMPATH\Commands\Server\rewrite.php(47): require_once('C:\\ari\\public\\index.php')
CRITICAL - 2023-10-12 04:22:53 --> Too few arguments to function App\Controllers\Home::pp(), 0 passed in C:\ari\system\CodeIgniter.php on line 915 and exactly 1 expected
in APPPATH\Controllers\Home.php on line 537.
 1 SYSTEMPATH\CodeIgniter.php(915): App\Controllers\Home->pp()
 2 SYSTEMPATH\CodeIgniter.php(492): CodeIgniter\CodeIgniter->runController(Object(App\Controllers\Home))
 3 SYSTEMPATH\CodeIgniter.php(353): CodeIgniter\CodeIgniter->handleRequest(null, Object(Config\Cache), false)
 4 FCPATH\index.php(79): CodeIgniter\CodeIgniter->run()
 5 SYSTEMPATH\Commands\Server\rewrite.php(47): require_once('C:\\ari\\public\\index.php')
CRITICAL - 2023-10-12 07:12:13 --> Undefined property: stdClass::$id_agama
in APPPATH\Views\pp.php on line 119.
 1 APPPATH\Views\pp.php(119): CodeIgniter\Debug\Exceptions->errorHandler(2, 'Undefined property: stdClass::$id_agama', 'C:\\ari\\app\\Views\\pp.php', 119)
 2 SYSTEMPATH\View\View.php(226): include('C:\\ari\\app\\Views\\pp.php')
 3 SYSTEMPATH\View\View.php(229): CodeIgniter\View\View->CodeIgniter\View\{closure}()
 4 SYSTEMPATH\Common.php(1178): CodeIgniter\View\View->render('pp', [], true)
 5 APPPATH\Controllers\Home.php(551): view('pp', [...])
 6 SYSTEMPATH\CodeIgniter.php(915): App\Controllers\Home->pp('6')
 7 SYSTEMPATH\CodeIgniter.php(492): CodeIgniter\CodeIgniter->runController(Object(App\Controllers\Home))
 8 SYSTEMPATH\CodeIgniter.php(353): CodeIgniter\CodeIgniter->handleRequest(null, Object(Config\Cache), false)
 9 FCPATH\index.php(79): CodeIgniter\CodeIgniter->run()
10 SYSTEMPATH\Commands\Server\rewrite.php(47): require_once('C:\\ari\\public\\index.php')
CRITICAL - 2023-10-12 07:12:35 --> Undefined property: stdClass::$nama_agama
in APPPATH\Views\pp.php on line 119.
 1 APPPATH\Views\pp.php(119): CodeIgniter\Debug\Exceptions->errorHandler(2, 'Undefined property: stdClass::$nama_agama', 'C:\\ari\\app\\Views\\pp.php', 119)
 2 SYSTEMPATH\View\View.php(226): include('C:\\ari\\app\\Views\\pp.php')
 3 SYSTEMPATH\View\View.php(229): CodeIgniter\View\View->CodeIgniter\View\{closure}()
 4 SYSTEMPATH\Common.php(1178): CodeIgniter\View\View->render('pp', [], true)
 5 APPPATH\Controllers\Home.php(551): view('pp', [...])
 6 SYSTEMPATH\CodeIgniter.php(915): App\Controllers\Home->pp('6')
 7 SYSTEMPATH\CodeIgniter.php(492): CodeIgniter\CodeIgniter->runController(Object(App\Controllers\Home))
 8 SYSTEMPATH\CodeIgniter.php(353): CodeIgniter\CodeIgniter->handleRequest(null, Object(Config\Cache), false)
 9 FCPATH\index.php(79): CodeIgniter\CodeIgniter->run()
10 SYSTEMPATH\Commands\Server\rewrite.php(47): require_once('C:\\ari\\public\\index.php')
CRITICAL - 2023-10-12 07:13:49 --> Undefined property: stdClass::$id_agama
in APPPATH\Views\pp.php on line 119.
 1 APPPATH\Views\pp.php(119): CodeIgniter\Debug\Exceptions->errorHandler(2, 'Undefined property: stdClass::$id_agama', 'C:\\ari\\app\\Views\\pp.php', 119)
 2 SYSTEMPATH\View\View.php(226): include('C:\\ari\\app\\Views\\pp.php')
 3 SYSTEMPATH\View\View.php(229): CodeIgniter\View\View->CodeIgniter\View\{closure}()
 4 SYSTEMPATH\Common.php(1178): CodeIgniter\View\View->render('pp', [], true)
 5 APPPATH\Controllers\Home.php(553): view('pp', [...])
 6 SYSTEMPATH\CodeIgniter.php(915): App\Controllers\Home->pp('6')
 7 SYSTEMPATH\CodeIgniter.php(492): CodeIgniter\CodeIgniter->runController(Object(App\Controllers\Home))
 8 SYSTEMPATH\CodeIgniter.php(353): CodeIgniter\CodeIgniter->handleRequest(null, Object(Config\Cache), false)
 9 FCPATH\index.php(79): CodeIgniter\CodeIgniter->run()
10 SYSTEMPATH\Commands\Server\rewrite.php(47): require_once('C:\\ari\\public\\index.php')
CRITICAL - 2023-10-12 07:13:52 --> Undefined property: stdClass::$id_agama
in APPPATH\Views\pp.php on line 119.
 1 APPPATH\Views\pp.php(119): CodeIgniter\Debug\Exceptions->errorHandler(2, 'Undefined property: stdClass::$id_agama', 'C:\\ari\\app\\Views\\pp.php', 119)
 2 SYSTEMPATH\View\View.php(226): include('C:\\ari\\app\\Views\\pp.php')
 3 SYSTEMPATH\View\View.php(229): CodeIgniter\View\View->CodeIgniter\View\{closure}()
 4 SYSTEMPATH\Common.php(1178): CodeIgniter\View\View->render('pp', [], true)
 5 APPPATH\Controllers\Home.php(553): view('pp', [...])
 6 SYSTEMPATH\CodeIgniter.php(915): App\Controllers\Home->pp('6')
 7 SYSTEMPATH\CodeIgniter.php(492): CodeIgniter\CodeIgniter->runController(Object(App\Controllers\Home))
 8 SYSTEMPATH\CodeIgniter.php(353): CodeIgniter\CodeIgniter->handleRequest(null, Object(Config\Cache), false)
 9 FCPATH\index.php(79): CodeIgniter\CodeIgniter->run()
10 SYSTEMPATH\Commands\Server\rewrite.php(47): require_once('C:\\ari\\public\\index.php')
CRITICAL - 2023-10-12 07:15:26 --> Undefined property: stdClass::$id_agama
in APPPATH\Views\pp.php on line 119.
 1 APPPATH\Views\pp.php(119): CodeIgniter\Debug\Exceptions->errorHandler(2, 'Undefined property: stdClass::$id_agama', 'C:\\ari\\app\\Views\\pp.php', 119)
 2 SYSTEMPATH\View\View.php(226): include('C:\\ari\\app\\Views\\pp.php')
 3 SYSTEMPATH\View\View.php(229): CodeIgniter\View\View->CodeIgniter\View\{closure}()
 4 SYSTEMPATH\Common.php(1178): CodeIgniter\View\View->render('pp', [], true)
 5 APPPATH\Controllers\Home.php(553): view('pp', [...])
 6 SYSTEMPATH\CodeIgniter.php(915): App\Controllers\Home->pp('6')
 7 SYSTEMPATH\CodeIgniter.php(492): CodeIgniter\CodeIgniter->runController(Object(App\Controllers\Home))
 8 SYSTEMPATH\CodeIgniter.php(353): CodeIgniter\CodeIgniter->handleRequest(null, Object(Config\Cache), false)
 9 FCPATH\index.php(79): CodeIgniter\CodeIgniter->run()
10 SYSTEMPATH\Commands\Server\rewrite.php(47): require_once('C:\\ari\\public\\index.php')
CRITICAL - 2023-10-12 07:17:09 --> Undefined property: stdClass::$id_agama
in APPPATH\Views\pp.php on line 119.
 1 APPPATH\Views\pp.php(119): CodeIgniter\Debug\Exceptions->errorHandler(2, 'Undefined property: stdClass::$id_agama', 'C:\\ari\\app\\Views\\pp.php', 119)
 2 SYSTEMPATH\View\View.php(226): include('C:\\ari\\app\\Views\\pp.php')
 3 SYSTEMPATH\View\View.php(229): CodeIgniter\View\View->CodeIgniter\View\{closure}()
 4 SYSTEMPATH\Common.php(1178): CodeIgniter\View\View->render('pp', [], true)
 5 APPPATH\Controllers\Home.php(553): view('pp', [...])
 6 SYSTEMPATH\CodeIgniter.php(915): App\Controllers\Home->pp('6')
 7 SYSTEMPATH\CodeIgniter.php(492): CodeIgniter\CodeIgniter->runController(Object(App\Controllers\Home))
 8 SYSTEMPATH\CodeIgniter.php(353): CodeIgniter\CodeIgniter->handleRequest(null, Object(Config\Cache), false)
 9 FCPATH\index.php(79): CodeIgniter\CodeIgniter->run()
10 SYSTEMPATH\Commands\Server\rewrite.php(47): require_once('C:\\ari\\public\\index.php')
CRITICAL - 2023-10-12 07:22:24 --> Unclosed '{' on line 539 does not match ')'
in APPPATH\Controllers\Home.php on line 543.
 1 SYSTEMPATH\Autoloader\Autoloader.php(285): CodeIgniter\Autoloader\Autoloader->includeFile('C:\\ari\\app\\Controllers\\Home.php')
 2 SYSTEMPATH\Autoloader\Autoloader.php(263): CodeIgniter\Autoloader\Autoloader->loadInNamespace('App\\Controllers\\Home')
 3 [internal function]: CodeIgniter\Autoloader\Autoloader->loadClass('App\\Controllers\\Home')
 4 SYSTEMPATH\CodeIgniter.php(873): class_exists('\\App\\Controllers\\Home', true)
 5 SYSTEMPATH\CodeIgniter.php(479): CodeIgniter\CodeIgniter->startController()
 6 SYSTEMPATH\CodeIgniter.php(353): CodeIgniter\CodeIgniter->handleRequest(null, Object(Config\Cache), false)
 7 FCPATH\index.php(79): CodeIgniter\CodeIgniter->run()
 8 SYSTEMPATH\Commands\Server\rewrite.php(47): require_once('C:\\ari\\public\\index.php')
CRITICAL - 2023-10-12 07:23:12 --> Unclosed '{' on line 539 does not match ')'
in APPPATH\Controllers\Home.php on line 543.
 1 SYSTEMPATH\Autoloader\Autoloader.php(285): CodeIgniter\Autoloader\Autoloader->includeFile('C:\\ari\\app\\Controllers\\Home.php')
 2 SYSTEMPATH\Autoloader\Autoloader.php(263): CodeIgniter\Autoloader\Autoloader->loadInNamespace('App\\Controllers\\Home')
 3 [internal function]: CodeIgniter\Autoloader\Autoloader->loadClass('App\\Controllers\\Home')
 4 SYSTEMPATH\CodeIgniter.php(873): class_exists('\\App\\Controllers\\Home', true)
 5 SYSTEMPATH\CodeIgniter.php(479): CodeIgniter\CodeIgniter->startController()
 6 SYSTEMPATH\CodeIgniter.php(353): CodeIgniter\CodeIgniter->handleRequest(null, Object(Config\Cache), false)
 7 FCPATH\index.php(79): CodeIgniter\CodeIgniter->run()
 8 SYSTEMPATH\Commands\Server\rewrite.php(47): require_once('C:\\ari\\public\\index.php')
CRITICAL - 2023-10-12 07:24:34 --> Undefined property: stdClass::$id_agama
in APPPATH\Views\pp.php on line 119.
 1 APPPATH\Views\pp.php(119): CodeIgniter\Debug\Exceptions->errorHandler(2, 'Undefined property: stdClass::$id_agama', 'C:\\ari\\app\\Views\\pp.php', 119)
 2 SYSTEMPATH\View\View.php(226): include('C:\\ari\\app\\Views\\pp.php')
 3 SYSTEMPATH\View\View.php(229): CodeIgniter\View\View->CodeIgniter\View\{closure}()
 4 SYSTEMPATH\Common.php(1178): CodeIgniter\View\View->render('pp', [], true)
 5 APPPATH\Controllers\Home.php(553): view('pp', [...])
 6 SYSTEMPATH\CodeIgniter.php(915): App\Controllers\Home->pp('6')
 7 SYSTEMPATH\CodeIgniter.php(492): CodeIgniter\CodeIgniter->runController(Object(App\Controllers\Home))
 8 SYSTEMPATH\CodeIgniter.php(353): CodeIgniter\CodeIgniter->handleRequest(null, Object(Config\Cache), false)
 9 FCPATH\index.php(79): CodeIgniter\CodeIgniter->run()
10 SYSTEMPATH\Commands\Server\rewrite.php(47): require_once('C:\\ari\\public\\index.php')
CRITICAL - 2023-10-12 07:29:13 --> Undefined property: stdClass::$id_agama
in APPPATH\Views\pp.php on line 119.
 1 APPPATH\Views\pp.php(119): CodeIgniter\Debug\Exceptions->errorHandler(2, 'Undefined property: stdClass::$id_agama', 'C:\\ari\\app\\Views\\pp.php', 119)
 2 SYSTEMPATH\View\View.php(226): include('C:\\ari\\app\\Views\\pp.php')
 3 SYSTEMPATH\View\View.php(229): CodeIgniter\View\View->CodeIgniter\View\{closure}()
 4 SYSTEMPATH\Common.php(1178): CodeIgniter\View\View->render('pp', [], true)
 5 APPPATH\Controllers\Home.php(553): view('pp', [...])
 6 SYSTEMPATH\CodeIgniter.php(915): App\Controllers\Home->pp('6')
 7 SYSTEMPATH\CodeIgniter.php(492): CodeIgniter\CodeIgniter->runController(Object(App\Controllers\Home))
 8 SYSTEMPATH\CodeIgniter.php(353): CodeIgniter\CodeIgniter->handleRequest(null, Object(Config\Cache), false)
 9 FCPATH\index.php(79): CodeIgniter\CodeIgniter->run()
10 SYSTEMPATH\Commands\Server\rewrite.php(47): require_once('C:\\ari\\public\\index.php')
CRITICAL - 2023-10-12 07:29:14 --> Undefined property: stdClass::$id_agama
in APPPATH\Views\pp.php on line 119.
 1 APPPATH\Views\pp.php(119): CodeIgniter\Debug\Exceptions->errorHandler(2, 'Undefined property: stdClass::$id_agama', 'C:\\ari\\app\\Views\\pp.php', 119)
 2 SYSTEMPATH\View\View.php(226): include('C:\\ari\\app\\Views\\pp.php')
 3 SYSTEMPATH\View\View.php(229): CodeIgniter\View\View->CodeIgniter\View\{closure}()
 4 SYSTEMPATH\Common.php(1178): CodeIgniter\View\View->render('pp', [], true)
 5 APPPATH\Controllers\Home.php(553): view('pp', [...])
 6 SYSTEMPATH\CodeIgniter.php(915): App\Controllers\Home->pp('6')
 7 SYSTEMPATH\CodeIgniter.php(492): CodeIgniter\CodeIgniter->runController(Object(App\Controllers\Home))
 8 SYSTEMPATH\CodeIgniter.php(353): CodeIgniter\CodeIgniter->handleRequest(null, Object(Config\Cache), false)
 9 FCPATH\index.php(79): CodeIgniter\CodeIgniter->run()
10 SYSTEMPATH\Commands\Server\rewrite.php(47): require_once('C:\\ari\\public\\index.php')
CRITICAL - 2023-10-12 07:29:14 --> Undefined property: stdClass::$id_agama
in APPPATH\Views\pp.php on line 119.
 1 APPPATH\Views\pp.php(119): CodeIgniter\Debug\Exceptions->errorHandler(2, 'Undefined property: stdClass::$id_agama', 'C:\\ari\\app\\Views\\pp.php', 119)
 2 SYSTEMPATH\View\View.php(226): include('C:\\ari\\app\\Views\\pp.php')
 3 SYSTEMPATH\View\View.php(229): CodeIgniter\View\View->CodeIgniter\View\{closure}()
 4 SYSTEMPATH\Common.php(1178): CodeIgniter\View\View->render('pp', [], true)
 5 APPPATH\Controllers\Home.php(553): view('pp', [...])
 6 SYSTEMPATH\CodeIgniter.php(915): App\Controllers\Home->pp('6')
 7 SYSTEMPATH\CodeIgniter.php(492): CodeIgniter\CodeIgniter->runController(Object(App\Controllers\Home))
 8 SYSTEMPATH\CodeIgniter.php(353): CodeIgniter\CodeIgniter->handleRequest(null, Object(Config\Cache), false)
 9 FCPATH\index.php(79): CodeIgniter\CodeIgniter->run()
10 SYSTEMPATH\Commands\Server\rewrite.php(47): require_once('C:\\ari\\public\\index.php')
CRITICAL - 2023-10-12 07:29:14 --> Undefined property: stdClass::$id_agama
in APPPATH\Views\pp.php on line 119.
 1 APPPATH\Views\pp.php(119): CodeIgniter\Debug\Exceptions->errorHandler(2, 'Undefined property: stdClass::$id_agama', 'C:\\ari\\app\\Views\\pp.php', 119)
 2 SYSTEMPATH\View\View.php(226): include('C:\\ari\\app\\Views\\pp.php')
 3 SYSTEMPATH\View\View.php(229): CodeIgniter\View\View->CodeIgniter\View\{closure}()
 4 SYSTEMPATH\Common.php(1178): CodeIgniter\View\View->render('pp', [], true)
 5 APPPATH\Controllers\Home.php(553): view('pp', [...])
 6 SYSTEMPATH\CodeIgniter.php(915): App\Controllers\Home->pp('6')
 7 SYSTEMPATH\CodeIgniter.php(492): CodeIgniter\CodeIgniter->runController(Object(App\Controllers\Home))
 8 SYSTEMPATH\CodeIgniter.php(353): CodeIgniter\CodeIgniter->handleRequest(null, Object(Config\Cache), false)
 9 FCPATH\index.php(79): CodeIgniter\CodeIgniter->run()
10 SYSTEMPATH\Commands\Server\rewrite.php(47): require_once('C:\\ari\\public\\index.php')
CRITICAL - 2023-10-12 07:29:14 --> Undefined property: stdClass::$id_agama
in APPPATH\Views\pp.php on line 119.
 1 APPPATH\Views\pp.php(119): CodeIgniter\Debug\Exceptions->errorHandler(2, 'Undefined property: stdClass::$id_agama', 'C:\\ari\\app\\Views\\pp.php', 119)
 2 SYSTEMPATH\View\View.php(226): include('C:\\ari\\app\\Views\\pp.php')
 3 SYSTEMPATH\View\View.php(229): CodeIgniter\View\View->CodeIgniter\View\{closure}()
 4 SYSTEMPATH\Common.php(1178): CodeIgniter\View\View->render('pp', [], true)
 5 APPPATH\Controllers\Home.php(553): view('pp', [...])
 6 SYSTEMPATH\CodeIgniter.php(915): App\Controllers\Home->pp('6')
 7 SYSTEMPATH\CodeIgniter.php(492): CodeIgniter\CodeIgniter->runController(Object(App\Controllers\Home))
 8 SYSTEMPATH\CodeIgniter.php(353): CodeIgniter\CodeIgniter->handleRequest(null, Object(Config\Cache), false)
 9 FCPATH\index.php(79): CodeIgniter\CodeIgniter->run()
10 SYSTEMPATH\Commands\Server\rewrite.php(47): require_once('C:\\ari\\public\\index.php')
CRITICAL - 2023-10-12 07:29:14 --> Undefined property: stdClass::$id_agama
in APPPATH\Views\pp.php on line 119.
 1 APPPATH\Views\pp.php(119): CodeIgniter\Debug\Exceptions->errorHandler(2, 'Undefined property: stdClass::$id_agama', 'C:\\ari\\app\\Views\\pp.php', 119)
 2 SYSTEMPATH\View\View.php(226): include('C:\\ari\\app\\Views\\pp.php')
 3 SYSTEMPATH\View\View.php(229): CodeIgniter\View\View->CodeIgniter\View\{closure}()
 4 SYSTEMPATH\Common.php(1178): CodeIgniter\View\View->render('pp', [], true)
 5 APPPATH\Controllers\Home.php(553): view('pp', [...])
 6 SYSTEMPATH\CodeIgniter.php(915): App\Controllers\Home->pp('6')
 7 SYSTEMPATH\CodeIgniter.php(492): CodeIgniter\CodeIgniter->runController(Object(App\Controllers\Home))
 8 SYSTEMPATH\CodeIgniter.php(353): CodeIgniter\CodeIgniter->handleRequest(null, Object(Config\Cache), false)
 9 FCPATH\index.php(79): CodeIgniter\CodeIgniter->run()
10 SYSTEMPATH\Commands\Server\rewrite.php(47): require_once('C:\\ari\\public\\index.php')
CRITICAL - 2023-10-12 07:29:14 --> Undefined property: stdClass::$id_agama
in APPPATH\Views\pp.php on line 119.
 1 APPPATH\Views\pp.php(119): CodeIgniter\Debug\Exceptions->errorHandler(2, 'Undefined property: stdClass::$id_agama', 'C:\\ari\\app\\Views\\pp.php', 119)
 2 SYSTEMPATH\View\View.php(226): include('C:\\ari\\app\\Views\\pp.php')
 3 SYSTEMPATH\View\View.php(229): CodeIgniter\View\View->CodeIgniter\View\{closure}()
 4 SYSTEMPATH\Common.php(1178): CodeIgniter\View\View->render('pp', [], true)
 5 APPPATH\Controllers\Home.php(553): view('pp', [...])
 6 SYSTEMPATH\CodeIgniter.php(915): App\Controllers\Home->pp('6')
 7 SYSTEMPATH\CodeIgniter.php(492): CodeIgniter\CodeIgniter->runController(Object(App\Controllers\Home))
 8 SYSTEMPATH\CodeIgniter.php(353): CodeIgniter\CodeIgniter->handleRequest(null, Object(Config\Cache), false)
 9 FCPATH\index.php(79): CodeIgniter\CodeIgniter->run()
10 SYSTEMPATH\Commands\Server\rewrite.php(47): require_once('C:\\ari\\public\\index.php')
CRITICAL - 2023-10-12 07:30:31 --> Undefined property: stdClass::$id_agama
in APPPATH\Views\pp.php on line 119.
 1 APPPATH\Views\pp.php(119): CodeIgniter\Debug\Exceptions->errorHandler(2, 'Undefined property: stdClass::$id_agama', 'C:\\ari\\app\\Views\\pp.php', 119)
 2 SYSTEMPATH\View\View.php(226): include('C:\\ari\\app\\Views\\pp.php')
 3 SYSTEMPATH\View\View.php(229): CodeIgniter\View\View->CodeIgniter\View\{closure}()
 4 SYSTEMPATH\Common.php(1178): CodeIgniter\View\View->render('pp', [], true)
 5 APPPATH\Controllers\Home.php(553): view('pp', [...])
 6 SYSTEMPATH\CodeIgniter.php(915): App\Controllers\Home->pp('6')
 7 SYSTEMPATH\CodeIgniter.php(492): CodeIgniter\CodeIgniter->runController(Object(App\Controllers\Home))
 8 SYSTEMPATH\CodeIgniter.php(353): CodeIgniter\CodeIgniter->handleRequest(null, Object(Config\Cache), false)
 9 FCPATH\index.php(79): CodeIgniter\CodeIgniter->run()
10 SYSTEMPATH\Commands\Server\rewrite.php(47): require_once('C:\\ari\\public\\index.php')
CRITICAL - 2023-10-12 07:30:32 --> Undefined property: stdClass::$id_agama
in APPPATH\Views\pp.php on line 119.
 1 APPPATH\Views\pp.php(119): CodeIgniter\Debug\Exceptions->errorHandler(2, 'Undefined property: stdClass::$id_agama', 'C:\\ari\\app\\Views\\pp.php', 119)
 2 SYSTEMPATH\View\View.php(226): include('C:\\ari\\app\\Views\\pp.php')
 3 SYSTEMPATH\View\View.php(229): CodeIgniter\View\View->CodeIgniter\View\{closure}()
 4 SYSTEMPATH\Common.php(1178): CodeIgniter\View\View->render('pp', [], true)
 5 APPPATH\Controllers\Home.php(553): view('pp', [...])
 6 SYSTEMPATH\CodeIgniter.php(915): App\Controllers\Home->pp('6')
 7 SYSTEMPATH\CodeIgniter.php(492): CodeIgniter\CodeIgniter->runController(Object(App\Controllers\Home))
 8 SYSTEMPATH\CodeIgniter.php(353): CodeIgniter\CodeIgniter->handleRequest(null, Object(Config\Cache), false)
 9 FCPATH\index.php(79): CodeIgniter\CodeIgniter->run()
10 SYSTEMPATH\Commands\Server\rewrite.php(47): require_once('C:\\ari\\public\\index.php')
CRITICAL - 2023-10-12 07:34:12 --> Undefined property: stdClass::$id_agama
in APPPATH\Views\pp.php on line 119.
 1 APPPATH\Views\pp.php(119): CodeIgniter\Debug\Exceptions->errorHandler(2, 'Undefined property: stdClass::$id_agama', 'C:\\ari\\app\\Views\\pp.php', 119)
 2 SYSTEMPATH\View\View.php(226): include('C:\\ari\\app\\Views\\pp.php')
 3 SYSTEMPATH\View\View.php(229): CodeIgniter\View\View->CodeIgniter\View\{closure}()
 4 SYSTEMPATH\Common.php(1178): CodeIgniter\View\View->render('pp', [], true)
 5 APPPATH\Controllers\Home.php(553): view('pp', [...])
 6 SYSTEMPATH\CodeIgniter.php(915): App\Controllers\Home->pp('6')
 7 SYSTEMPATH\CodeIgniter.php(492): CodeIgniter\CodeIgniter->runController(Object(App\Controllers\Home))
 8 SYSTEMPATH\CodeIgniter.php(353): CodeIgniter\CodeIgniter->handleRequest(null, Object(Config\Cache), false)
 9 FCPATH\index.php(79): CodeIgniter\CodeIgniter->run()
10 SYSTEMPATH\Commands\Server\rewrite.php(47): require_once('C:\\ari\\public\\index.php')
CRITICAL - 2023-10-12 07:34:12 --> Undefined property: stdClass::$id_agama
in APPPATH\Views\pp.php on line 119.
 1 APPPATH\Views\pp.php(119): CodeIgniter\Debug\Exceptions->errorHandler(2, 'Undefined property: stdClass::$id_agama', 'C:\\ari\\app\\Views\\pp.php', 119)
 2 SYSTEMPATH\View\View.php(226): include('C:\\ari\\app\\Views\\pp.php')
 3 SYSTEMPATH\View\View.php(229): CodeIgniter\View\View->CodeIgniter\View\{closure}()
 4 SYSTEMPATH\Common.php(1178): CodeIgniter\View\View->render('pp', [], true)
 5 APPPATH\Controllers\Home.php(553): view('pp', [...])
 6 SYSTEMPATH\CodeIgniter.php(915): App\Controllers\Home->pp('6')
 7 SYSTEMPATH\CodeIgniter.php(492): CodeIgniter\CodeIgniter->runController(Object(App\Controllers\Home))
 8 SYSTEMPATH\CodeIgniter.php(353): CodeIgniter\CodeIgniter->handleRequest(null, Object(Config\Cache), false)
 9 FCPATH\index.php(79): CodeIgniter\CodeIgniter->run()
10 SYSTEMPATH\Commands\Server\rewrite.php(47): require_once('C:\\ari\\public\\index.php')
