CRITICAL - 2023-10-09 04:06:33 --> Cannot redeclare App\Controllers\Home::aksi_t_user()
in APPPATH\Controllers\Home.php on line 459.
 1 [internal function]: CodeIgniter\Debug\Exceptions->shutdownHandler()
CRITICAL - 2023-10-09 04:09:03 --> Undefined property: stdClass::$id_brg
in APPPATH\Views\karyawan.php on line 51.
 1 APPPATH\Views\karyawan.php(51): CodeIgniter\Debug\Exceptions->errorHandler(2, 'Undefined property: stdClass::$id_brg', 'C:\\ari\\app\\Views\\karyawan.php', 51)
 2 SYSTEMPATH\View\View.php(226): include('C:\\ari\\app\\Views\\karyawan.php')
 3 SYSTEMPATH\View\View.php(229): CodeIgniter\View\View->CodeIgniter\View\{closure}()
 4 SYSTEMPATH\Common.php(1178): CodeIgniter\View\View->render('karyawan', [], true)
 5 APPPATH\Controllers\Home.php(439): view('karyawan', [...])
 6 SYSTEMPATH\CodeIgniter.php(915): App\Controllers\Home->karyawan()
 7 SYSTEMPATH\CodeIgniter.php(492): CodeIgniter\CodeIgniter->runController(Object(App\Controllers\Home))
 8 SYSTEMPATH\CodeIgniter.php(353): CodeIgniter\CodeIgniter->handleRequest(null, Object(Config\Cache), false)
 9 FCPATH\index.php(79): CodeIgniter\CodeIgniter->run()
10 SYSTEMPATH\Commands\Server\rewrite.php(47): require_once('C:\\ari\\public\\index.php')
CRITICAL - 2023-10-09 04:09:08 --> Undefined property: stdClass::$id_brg
in APPPATH\Views\karyawan.php on line 51.
 1 APPPATH\Views\karyawan.php(51): CodeIgniter\Debug\Exceptions->errorHandler(2, 'Undefined property: stdClass::$id_brg', 'C:\\ari\\app\\Views\\karyawan.php', 51)
 2 SYSTEMPATH\View\View.php(226): include('C:\\ari\\app\\Views\\karyawan.php')
 3 SYSTEMPATH\View\View.php(229): CodeIgniter\View\View->CodeIgniter\View\{closure}()
 4 SYSTEMPATH\Common.php(1178): CodeIgniter\View\View->render('karyawan', [], true)
 5 APPPATH\Controllers\Home.php(439): view('karyawan', [...])
 6 SYSTEMPATH\CodeIgniter.php(915): App\Controllers\Home->karyawan()
 7 SYSTEMPATH\CodeIgniter.php(492): CodeIgniter\CodeIgniter->runController(Object(App\Controllers\Home))
 8 SYSTEMPATH\CodeIgniter.php(353): CodeIgniter\CodeIgniter->handleRequest(null, Object(Config\Cache), false)
 9 FCPATH\index.php(79): CodeIgniter\CodeIgniter->run()
10 SYSTEMPATH\Commands\Server\rewrite.php(47): require_once('C:\\ari\\public\\index.php')
CRITICAL - 2023-10-09 04:09:08 --> Undefined property: stdClass::$id_brg
in APPPATH\Views\karyawan.php on line 51.
 1 APPPATH\Views\karyawan.php(51): CodeIgniter\Debug\Exceptions->errorHandler(2, 'Undefined property: stdClass::$id_brg', 'C:\\ari\\app\\Views\\karyawan.php', 51)
 2 SYSTEMPATH\View\View.php(226): include('C:\\ari\\app\\Views\\karyawan.php')
 3 SYSTEMPATH\View\View.php(229): CodeIgniter\View\View->CodeIgniter\View\{closure}()
 4 SYSTEMPATH\Common.php(1178): CodeIgniter\View\View->render('karyawan', [], true)
 5 APPPATH\Controllers\Home.php(439): view('karyawan', [...])
 6 SYSTEMPATH\CodeIgniter.php(915): App\Controllers\Home->karyawan()
 7 SYSTEMPATH\CodeIgniter.php(492): CodeIgniter\CodeIgniter->runController(Object(App\Controllers\Home))
 8 SYSTEMPATH\CodeIgniter.php(353): CodeIgniter\CodeIgniter->handleRequest(null, Object(Config\Cache), false)
 9 FCPATH\index.php(79): CodeIgniter\CodeIgniter->run()
10 SYSTEMPATH\Commands\Server\rewrite.php(47): require_once('C:\\ari\\public\\index.php')
CRITICAL - 2023-10-09 04:09:08 --> Undefined property: stdClass::$id_brg
in APPPATH\Views\karyawan.php on line 51.
 1 APPPATH\Views\karyawan.php(51): CodeIgniter\Debug\Exceptions->errorHandler(2, 'Undefined property: stdClass::$id_brg', 'C:\\ari\\app\\Views\\karyawan.php', 51)
 2 SYSTEMPATH\View\View.php(226): include('C:\\ari\\app\\Views\\karyawan.php')
 3 SYSTEMPATH\View\View.php(229): CodeIgniter\View\View->CodeIgniter\View\{closure}()
 4 SYSTEMPATH\Common.php(1178): CodeIgniter\View\View->render('karyawan', [], true)
 5 APPPATH\Controllers\Home.php(439): view('karyawan', [...])
 6 SYSTEMPATH\CodeIgniter.php(915): App\Controllers\Home->karyawan()
 7 SYSTEMPATH\CodeIgniter.php(492): CodeIgniter\CodeIgniter->runController(Object(App\Controllers\Home))
 8 SYSTEMPATH\CodeIgniter.php(353): CodeIgniter\CodeIgniter->handleRequest(null, Object(Config\Cache), false)
 9 FCPATH\index.php(79): CodeIgniter\CodeIgniter->run()
10 SYSTEMPATH\Commands\Server\rewrite.php(47): require_once('C:\\ari\\public\\index.php')
CRITICAL - 2023-10-09 04:09:08 --> Undefined property: stdClass::$id_brg
in APPPATH\Views\karyawan.php on line 51.
 1 APPPATH\Views\karyawan.php(51): CodeIgniter\Debug\Exceptions->errorHandler(2, 'Undefined property: stdClass::$id_brg', 'C:\\ari\\app\\Views\\karyawan.php', 51)
 2 SYSTEMPATH\View\View.php(226): include('C:\\ari\\app\\Views\\karyawan.php')
 3 SYSTEMPATH\View\View.php(229): CodeIgniter\View\View->CodeIgniter\View\{closure}()
 4 SYSTEMPATH\Common.php(1178): CodeIgniter\View\View->render('karyawan', [], true)
 5 APPPATH\Controllers\Home.php(439): view('karyawan', [...])
 6 SYSTEMPATH\CodeIgniter.php(915): App\Controllers\Home->karyawan()
 7 SYSTEMPATH\CodeIgniter.php(492): CodeIgniter\CodeIgniter->runController(Object(App\Controllers\Home))
 8 SYSTEMPATH\CodeIgniter.php(353): CodeIgniter\CodeIgniter->handleRequest(null, Object(Config\Cache), false)
 9 FCPATH\index.php(79): CodeIgniter\CodeIgniter->run()
10 SYSTEMPATH\Commands\Server\rewrite.php(47): require_once('C:\\ari\\public\\index.php')
CRITICAL - 2023-10-09 04:22:07 --> syntax error, unexpected identifier "base_url", expecting "," or ";"
in APPPATH\Views\karyawan.php on line 47.
 1 SYSTEMPATH\View\View.php(229): CodeIgniter\View\View->CodeIgniter\View\{closure}()
 2 SYSTEMPATH\Common.php(1178): CodeIgniter\View\View->render('karyawan', [], true)
 3 APPPATH\Controllers\Home.php(439): view('karyawan', [...])
 4 SYSTEMPATH\CodeIgniter.php(915): App\Controllers\Home->karyawan()
 5 SYSTEMPATH\CodeIgniter.php(492): CodeIgniter\CodeIgniter->runController(Object(App\Controllers\Home))
 6 SYSTEMPATH\CodeIgniter.php(353): CodeIgniter\CodeIgniter->handleRequest(null, Object(Config\Cache), false)
 7 FCPATH\index.php(79): CodeIgniter\CodeIgniter->run()
 8 SYSTEMPATH\Commands\Server\rewrite.php(47): require_once('C:\\ari\\public\\index.php')
CRITICAL - 2023-10-09 04:22:32 --> syntax error, unexpected token "echo", expecting "," or ";"
in APPPATH\Views\karyawan.php on line 47.
 1 SYSTEMPATH\View\View.php(229): CodeIgniter\View\View->CodeIgniter\View\{closure}()
 2 SYSTEMPATH\Common.php(1178): CodeIgniter\View\View->render('karyawan', [], true)
 3 APPPATH\Controllers\Home.php(439): view('karyawan', [...])
 4 SYSTEMPATH\CodeIgniter.php(915): App\Controllers\Home->karyawan()
 5 SYSTEMPATH\CodeIgniter.php(492): CodeIgniter\CodeIgniter->runController(Object(App\Controllers\Home))
 6 SYSTEMPATH\CodeIgniter.php(353): CodeIgniter\CodeIgniter->handleRequest(null, Object(Config\Cache), false)
 7 FCPATH\index.php(79): CodeIgniter\CodeIgniter->run()
 8 SYSTEMPATH\Commands\Server\rewrite.php(47): require_once('C:\\ari\\public\\index.php')
CRITICAL - 2023-10-09 04:23:04 --> syntax error, unexpected token "echo", expecting "," or ";"
in APPPATH\Views\karyawan.php on line 47.
 1 SYSTEMPATH\View\View.php(229): CodeIgniter\View\View->CodeIgniter\View\{closure}()
 2 SYSTEMPATH\Common.php(1178): CodeIgniter\View\View->render('karyawan', [], true)
 3 APPPATH\Controllers\Home.php(439): view('karyawan', [...])
 4 SYSTEMPATH\CodeIgniter.php(915): App\Controllers\Home->karyawan()
 5 SYSTEMPATH\CodeIgniter.php(492): CodeIgniter\CodeIgniter->runController(Object(App\Controllers\Home))
 6 SYSTEMPATH\CodeIgniter.php(353): CodeIgniter\CodeIgniter->handleRequest(null, Object(Config\Cache), false)
 7 FCPATH\index.php(79): CodeIgniter\CodeIgniter->run()
 8 SYSTEMPATH\Commands\Server\rewrite.php(47): require_once('C:\\ari\\public\\index.php')
CRITICAL - 2023-10-09 04:23:05 --> syntax error, unexpected token "echo", expecting "," or ";"
in APPPATH\Views\karyawan.php on line 47.
 1 SYSTEMPATH\View\View.php(229): CodeIgniter\View\View->CodeIgniter\View\{closure}()
 2 SYSTEMPATH\Common.php(1178): CodeIgniter\View\View->render('karyawan', [], true)
 3 APPPATH\Controllers\Home.php(439): view('karyawan', [...])
 4 SYSTEMPATH\CodeIgniter.php(915): App\Controllers\Home->karyawan()
 5 SYSTEMPATH\CodeIgniter.php(492): CodeIgniter\CodeIgniter->runController(Object(App\Controllers\Home))
 6 SYSTEMPATH\CodeIgniter.php(353): CodeIgniter\CodeIgniter->handleRequest(null, Object(Config\Cache), false)
 7 FCPATH\index.php(79): CodeIgniter\CodeIgniter->run()
 8 SYSTEMPATH\Commands\Server\rewrite.php(47): require_once('C:\\ari\\public\\index.php')
CRITICAL - 2023-10-09 04:23:05 --> syntax error, unexpected token "echo", expecting "," or ";"
in APPPATH\Views\karyawan.php on line 47.
 1 SYSTEMPATH\View\View.php(229): CodeIgniter\View\View->CodeIgniter\View\{closure}()
 2 SYSTEMPATH\Common.php(1178): CodeIgniter\View\View->render('karyawan', [], true)
 3 APPPATH\Controllers\Home.php(439): view('karyawan', [...])
 4 SYSTEMPATH\CodeIgniter.php(915): App\Controllers\Home->karyawan()
 5 SYSTEMPATH\CodeIgniter.php(492): CodeIgniter\CodeIgniter->runController(Object(App\Controllers\Home))
 6 SYSTEMPATH\CodeIgniter.php(353): CodeIgniter\CodeIgniter->handleRequest(null, Object(Config\Cache), false)
 7 FCPATH\index.php(79): CodeIgniter\CodeIgniter->run()
 8 SYSTEMPATH\Commands\Server\rewrite.php(47): require_once('C:\\ari\\public\\index.php')
CRITICAL - 2023-10-09 04:23:15 --> syntax error, unexpected identifier "base_url", expecting "," or ";"
in APPPATH\Views\karyawan.php on line 47.
 1 SYSTEMPATH\View\View.php(229): CodeIgniter\View\View->CodeIgniter\View\{closure}()
 2 SYSTEMPATH\Common.php(1178): CodeIgniter\View\View->render('karyawan', [], true)
 3 APPPATH\Controllers\Home.php(439): view('karyawan', [...])
 4 SYSTEMPATH\CodeIgniter.php(915): App\Controllers\Home->karyawan()
 5 SYSTEMPATH\CodeIgniter.php(492): CodeIgniter\CodeIgniter->runController(Object(App\Controllers\Home))
 6 SYSTEMPATH\CodeIgniter.php(353): CodeIgniter\CodeIgniter->handleRequest(null, Object(Config\Cache), false)
 7 FCPATH\index.php(79): CodeIgniter\CodeIgniter->run()
 8 SYSTEMPATH\Commands\Server\rewrite.php(47): require_once('C:\\ari\\public\\index.php')
CRITICAL - 2023-10-09 04:23:26 --> syntax error, unexpected identifier "base_url", expecting "," or ";"
in APPPATH\Views\karyawan.php on line 47.
 1 SYSTEMPATH\View\View.php(229): CodeIgniter\View\View->CodeIgniter\View\{closure}()
 2 SYSTEMPATH\Common.php(1178): CodeIgniter\View\View->render('karyawan', [], true)
 3 APPPATH\Controllers\Home.php(439): view('karyawan', [...])
 4 SYSTEMPATH\CodeIgniter.php(915): App\Controllers\Home->karyawan()
 5 SYSTEMPATH\CodeIgniter.php(492): CodeIgniter\CodeIgniter->runController(Object(App\Controllers\Home))
 6 SYSTEMPATH\CodeIgniter.php(353): CodeIgniter\CodeIgniter->handleRequest(null, Object(Config\Cache), false)
 7 FCPATH\index.php(79): CodeIgniter\CodeIgniter->run()
 8 SYSTEMPATH\Commands\Server\rewrite.php(47): require_once('C:\\ari\\public\\index.php')
