CRITICAL - 2023-10-04 03:59:37 --> Undefined variable $manda
in APPPATH\Views\reset.php on line 37.
 1 APPPATH\Views\reset.php(37): CodeIgniter\Debug\Exceptions->errorHandler(2, 'Undefined variable $manda', 'C:\\ari\\app\\Views\\reset.php', 37)
 2 SYSTEMPATH\View\View.php(226): include('C:\\ari\\app\\Views\\reset.php')
 3 SYSTEMPATH\View\View.php(229): CodeIgniter\View\View->CodeIgniter\View\{closure}()
 4 SYSTEMPATH\Common.php(1178): CodeIgniter\View\View->render('reset', [], true)
 5 APPPATH\Controllers\Home.php(353): view('reset')
 6 SYSTEMPATH\CodeIgniter.php(915): App\Controllers\Home->reset()
 7 SYSTEMPATH\CodeIgniter.php(492): CodeIgniter\CodeIgniter->runController(Object(App\Controllers\Home))
 8 SYSTEMPATH\CodeIgniter.php(353): CodeIgniter\CodeIgniter->handleRequest(null, Object(Config\Cache), false)
 9 FCPATH\index.php(79): CodeIgniter\CodeIgniter->run()
10 SYSTEMPATH\Commands\Server\rewrite.php(47): require_once('C:\\ari\\public\\index.php')
CRITICAL - 2023-10-04 04:00:31 --> Undefined variable $manda
in APPPATH\Views\reset.php on line 37.
 1 APPPATH\Views\reset.php(37): CodeIgniter\Debug\Exceptions->errorHandler(2, 'Undefined variable $manda', 'C:\\ari\\app\\Views\\reset.php', 37)
 2 SYSTEMPATH\View\View.php(226): include('C:\\ari\\app\\Views\\reset.php')
 3 SYSTEMPATH\View\View.php(229): CodeIgniter\View\View->CodeIgniter\View\{closure}()
 4 SYSTEMPATH\Common.php(1178): CodeIgniter\View\View->render('reset', [], true)
 5 APPPATH\Controllers\Home.php(355): view('reset')
 6 SYSTEMPATH\CodeIgniter.php(915): App\Controllers\Home->reset()
 7 SYSTEMPATH\CodeIgniter.php(492): CodeIgniter\CodeIgniter->runController(Object(App\Controllers\Home))
 8 SYSTEMPATH\CodeIgniter.php(353): CodeIgniter\CodeIgniter->handleRequest(null, Object(Config\Cache), false)
 9 FCPATH\index.php(79): CodeIgniter\CodeIgniter->run()
10 SYSTEMPATH\Commands\Server\rewrite.php(47): require_once('C:\\ari\\public\\index.php')
CRITICAL - 2023-10-04 04:00:33 --> Undefined variable $manda
in APPPATH\Views\reset.php on line 37.
 1 APPPATH\Views\reset.php(37): CodeIgniter\Debug\Exceptions->errorHandler(2, 'Undefined variable $manda', 'C:\\ari\\app\\Views\\reset.php', 37)
 2 SYSTEMPATH\View\View.php(226): include('C:\\ari\\app\\Views\\reset.php')
 3 SYSTEMPATH\View\View.php(229): CodeIgniter\View\View->CodeIgniter\View\{closure}()
 4 SYSTEMPATH\Common.php(1178): CodeIgniter\View\View->render('reset', [], true)
 5 APPPATH\Controllers\Home.php(355): view('reset')
 6 SYSTEMPATH\CodeIgniter.php(915): App\Controllers\Home->reset()
 7 SYSTEMPATH\CodeIgniter.php(492): CodeIgniter\CodeIgniter->runController(Object(App\Controllers\Home))
 8 SYSTEMPATH\CodeIgniter.php(353): CodeIgniter\CodeIgniter->handleRequest(null, Object(Config\Cache), false)
 9 FCPATH\index.php(79): CodeIgniter\CodeIgniter->run()
10 SYSTEMPATH\Commands\Server\rewrite.php(47): require_once('C:\\ari\\public\\index.php')
CRITICAL - 2023-10-04 04:00:33 --> Undefined variable $manda
in APPPATH\Views\reset.php on line 37.
 1 APPPATH\Views\reset.php(37): CodeIgniter\Debug\Exceptions->errorHandler(2, 'Undefined variable $manda', 'C:\\ari\\app\\Views\\reset.php', 37)
 2 SYSTEMPATH\View\View.php(226): include('C:\\ari\\app\\Views\\reset.php')
 3 SYSTEMPATH\View\View.php(229): CodeIgniter\View\View->CodeIgniter\View\{closure}()
 4 SYSTEMPATH\Common.php(1178): CodeIgniter\View\View->render('reset', [], true)
 5 APPPATH\Controllers\Home.php(355): view('reset')
 6 SYSTEMPATH\CodeIgniter.php(915): App\Controllers\Home->reset()
 7 SYSTEMPATH\CodeIgniter.php(492): CodeIgniter\CodeIgniter->runController(Object(App\Controllers\Home))
 8 SYSTEMPATH\CodeIgniter.php(353): CodeIgniter\CodeIgniter->handleRequest(null, Object(Config\Cache), false)
 9 FCPATH\index.php(79): CodeIgniter\CodeIgniter->run()
10 SYSTEMPATH\Commands\Server\rewrite.php(47): require_once('C:\\ari\\public\\index.php')
CRITICAL - 2023-10-04 04:00:33 --> Undefined variable $manda
in APPPATH\Views\reset.php on line 37.
 1 APPPATH\Views\reset.php(37): CodeIgniter\Debug\Exceptions->errorHandler(2, 'Undefined variable $manda', 'C:\\ari\\app\\Views\\reset.php', 37)
 2 SYSTEMPATH\View\View.php(226): include('C:\\ari\\app\\Views\\reset.php')
 3 SYSTEMPATH\View\View.php(229): CodeIgniter\View\View->CodeIgniter\View\{closure}()
 4 SYSTEMPATH\Common.php(1178): CodeIgniter\View\View->render('reset', [], true)
 5 APPPATH\Controllers\Home.php(355): view('reset')
 6 SYSTEMPATH\CodeIgniter.php(915): App\Controllers\Home->reset()
 7 SYSTEMPATH\CodeIgniter.php(492): CodeIgniter\CodeIgniter->runController(Object(App\Controllers\Home))
 8 SYSTEMPATH\CodeIgniter.php(353): CodeIgniter\CodeIgniter->handleRequest(null, Object(Config\Cache), false)
 9 FCPATH\index.php(79): CodeIgniter\CodeIgniter->run()
10 SYSTEMPATH\Commands\Server\rewrite.php(47): require_once('C:\\ari\\public\\index.php')
CRITICAL - 2023-10-04 04:00:33 --> Undefined variable $manda
in APPPATH\Views\reset.php on line 37.
 1 APPPATH\Views\reset.php(37): CodeIgniter\Debug\Exceptions->errorHandler(2, 'Undefined variable $manda', 'C:\\ari\\app\\Views\\reset.php', 37)
 2 SYSTEMPATH\View\View.php(226): include('C:\\ari\\app\\Views\\reset.php')
 3 SYSTEMPATH\View\View.php(229): CodeIgniter\View\View->CodeIgniter\View\{closure}()
 4 SYSTEMPATH\Common.php(1178): CodeIgniter\View\View->render('reset', [], true)
 5 APPPATH\Controllers\Home.php(355): view('reset')
 6 SYSTEMPATH\CodeIgniter.php(915): App\Controllers\Home->reset()
 7 SYSTEMPATH\CodeIgniter.php(492): CodeIgniter\CodeIgniter->runController(Object(App\Controllers\Home))
 8 SYSTEMPATH\CodeIgniter.php(353): CodeIgniter\CodeIgniter->handleRequest(null, Object(Config\Cache), false)
 9 FCPATH\index.php(79): CodeIgniter\CodeIgniter->run()
10 SYSTEMPATH\Commands\Server\rewrite.php(47): require_once('C:\\ari\\public\\index.php')
CRITICAL - 2023-10-04 04:03:26 --> Undefined variable $manda
in APPPATH\Views\reset.php on line 37.
 1 APPPATH\Views\reset.php(37): CodeIgniter\Debug\Exceptions->errorHandler(2, 'Undefined variable $manda', 'C:\\ari\\app\\Views\\reset.php', 37)
 2 SYSTEMPATH\View\View.php(226): include('C:\\ari\\app\\Views\\reset.php')
 3 SYSTEMPATH\View\View.php(229): CodeIgniter\View\View->CodeIgniter\View\{closure}()
 4 SYSTEMPATH\Common.php(1178): CodeIgniter\View\View->render('reset', [], true)
 5 APPPATH\Controllers\Home.php(355): view('reset')
 6 SYSTEMPATH\CodeIgniter.php(915): App\Controllers\Home->reset()
 7 SYSTEMPATH\CodeIgniter.php(492): CodeIgniter\CodeIgniter->runController(Object(App\Controllers\Home))
 8 SYSTEMPATH\CodeIgniter.php(353): CodeIgniter\CodeIgniter->handleRequest(null, Object(Config\Cache), false)
 9 FCPATH\index.php(79): CodeIgniter\CodeIgniter->run()
10 SYSTEMPATH\Commands\Server\rewrite.php(47): require_once('C:\\ari\\public\\index.php')
CRITICAL - 2023-10-04 04:03:26 --> Undefined variable $manda
in APPPATH\Views\reset.php on line 37.
 1 APPPATH\Views\reset.php(37): CodeIgniter\Debug\Exceptions->errorHandler(2, 'Undefined variable $manda', 'C:\\ari\\app\\Views\\reset.php', 37)
 2 SYSTEMPATH\View\View.php(226): include('C:\\ari\\app\\Views\\reset.php')
 3 SYSTEMPATH\View\View.php(229): CodeIgniter\View\View->CodeIgniter\View\{closure}()
 4 SYSTEMPATH\Common.php(1178): CodeIgniter\View\View->render('reset', [], true)
 5 APPPATH\Controllers\Home.php(355): view('reset')
 6 SYSTEMPATH\CodeIgniter.php(915): App\Controllers\Home->reset()
 7 SYSTEMPATH\CodeIgniter.php(492): CodeIgniter\CodeIgniter->runController(Object(App\Controllers\Home))
 8 SYSTEMPATH\CodeIgniter.php(353): CodeIgniter\CodeIgniter->handleRequest(null, Object(Config\Cache), false)
 9 FCPATH\index.php(79): CodeIgniter\CodeIgniter->run()
10 SYSTEMPATH\Commands\Server\rewrite.php(47): require_once('C:\\ari\\public\\index.php')
CRITICAL - 2023-10-04 04:03:26 --> Undefined variable $manda
in APPPATH\Views\reset.php on line 37.
 1 APPPATH\Views\reset.php(37): CodeIgniter\Debug\Exceptions->errorHandler(2, 'Undefined variable $manda', 'C:\\ari\\app\\Views\\reset.php', 37)
 2 SYSTEMPATH\View\View.php(226): include('C:\\ari\\app\\Views\\reset.php')
 3 SYSTEMPATH\View\View.php(229): CodeIgniter\View\View->CodeIgniter\View\{closure}()
 4 SYSTEMPATH\Common.php(1178): CodeIgniter\View\View->render('reset', [], true)
 5 APPPATH\Controllers\Home.php(355): view('reset')
 6 SYSTEMPATH\CodeIgniter.php(915): App\Controllers\Home->reset()
 7 SYSTEMPATH\CodeIgniter.php(492): CodeIgniter\CodeIgniter->runController(Object(App\Controllers\Home))
 8 SYSTEMPATH\CodeIgniter.php(353): CodeIgniter\CodeIgniter->handleRequest(null, Object(Config\Cache), false)
 9 FCPATH\index.php(79): CodeIgniter\CodeIgniter->run()
10 SYSTEMPATH\Commands\Server\rewrite.php(47): require_once('C:\\ari\\public\\index.php')
CRITICAL - 2023-10-04 04:03:26 --> Undefined variable $manda
in APPPATH\Views\reset.php on line 37.
 1 APPPATH\Views\reset.php(37): CodeIgniter\Debug\Exceptions->errorHandler(2, 'Undefined variable $manda', 'C:\\ari\\app\\Views\\reset.php', 37)
 2 SYSTEMPATH\View\View.php(226): include('C:\\ari\\app\\Views\\reset.php')
 3 SYSTEMPATH\View\View.php(229): CodeIgniter\View\View->CodeIgniter\View\{closure}()
 4 SYSTEMPATH\Common.php(1178): CodeIgniter\View\View->render('reset', [], true)
 5 APPPATH\Controllers\Home.php(355): view('reset')
 6 SYSTEMPATH\CodeIgniter.php(915): App\Controllers\Home->reset()
 7 SYSTEMPATH\CodeIgniter.php(492): CodeIgniter\CodeIgniter->runController(Object(App\Controllers\Home))
 8 SYSTEMPATH\CodeIgniter.php(353): CodeIgniter\CodeIgniter->handleRequest(null, Object(Config\Cache), false)
 9 FCPATH\index.php(79): CodeIgniter\CodeIgniter->run()
10 SYSTEMPATH\Commands\Server\rewrite.php(47): require_once('C:\\ari\\public\\index.php')
CRITICAL - 2023-10-04 04:12:51 --> Undefined variable $manda
in APPPATH\Views\reset.php on line 34.
 1 APPPATH\Views\reset.php(34): CodeIgniter\Debug\Exceptions->errorHandler(2, 'Undefined variable $manda', 'C:\\ari\\app\\Views\\reset.php', 34)
 2 SYSTEMPATH\View\View.php(226): include('C:\\ari\\app\\Views\\reset.php')
 3 SYSTEMPATH\View\View.php(229): CodeIgniter\View\View->CodeIgniter\View\{closure}()
 4 SYSTEMPATH\Common.php(1178): CodeIgniter\View\View->render('reset', [], true)
 5 APPPATH\Controllers\Home.php(355): view('reset')
 6 SYSTEMPATH\CodeIgniter.php(915): App\Controllers\Home->reset()
 7 SYSTEMPATH\CodeIgniter.php(492): CodeIgniter\CodeIgniter->runController(Object(App\Controllers\Home))
 8 SYSTEMPATH\CodeIgniter.php(353): CodeIgniter\CodeIgniter->handleRequest(null, Object(Config\Cache), false)
 9 FCPATH\index.php(79): CodeIgniter\CodeIgniter->run()
10 SYSTEMPATH\Commands\Server\rewrite.php(47): require_once('C:\\ari\\public\\index.php')
CRITICAL - 2023-10-04 04:12:51 --> Undefined variable $manda
in APPPATH\Views\reset.php on line 34.
 1 APPPATH\Views\reset.php(34): CodeIgniter\Debug\Exceptions->errorHandler(2, 'Undefined variable $manda', 'C:\\ari\\app\\Views\\reset.php', 34)
 2 SYSTEMPATH\View\View.php(226): include('C:\\ari\\app\\Views\\reset.php')
 3 SYSTEMPATH\View\View.php(229): CodeIgniter\View\View->CodeIgniter\View\{closure}()
 4 SYSTEMPATH\Common.php(1178): CodeIgniter\View\View->render('reset', [], true)
 5 APPPATH\Controllers\Home.php(355): view('reset')
 6 SYSTEMPATH\CodeIgniter.php(915): App\Controllers\Home->reset()
 7 SYSTEMPATH\CodeIgniter.php(492): CodeIgniter\CodeIgniter->runController(Object(App\Controllers\Home))
 8 SYSTEMPATH\CodeIgniter.php(353): CodeIgniter\CodeIgniter->handleRequest(null, Object(Config\Cache), false)
 9 FCPATH\index.php(79): CodeIgniter\CodeIgniter->run()
10 SYSTEMPATH\Commands\Server\rewrite.php(47): require_once('C:\\ari\\public\\index.php')
CRITICAL - 2023-10-04 04:12:51 --> Undefined variable $manda
in APPPATH\Views\reset.php on line 34.
 1 APPPATH\Views\reset.php(34): CodeIgniter\Debug\Exceptions->errorHandler(2, 'Undefined variable $manda', 'C:\\ari\\app\\Views\\reset.php', 34)
 2 SYSTEMPATH\View\View.php(226): include('C:\\ari\\app\\Views\\reset.php')
 3 SYSTEMPATH\View\View.php(229): CodeIgniter\View\View->CodeIgniter\View\{closure}()
 4 SYSTEMPATH\Common.php(1178): CodeIgniter\View\View->render('reset', [], true)
 5 APPPATH\Controllers\Home.php(355): view('reset')
 6 SYSTEMPATH\CodeIgniter.php(915): App\Controllers\Home->reset()
 7 SYSTEMPATH\CodeIgniter.php(492): CodeIgniter\CodeIgniter->runController(Object(App\Controllers\Home))
 8 SYSTEMPATH\CodeIgniter.php(353): CodeIgniter\CodeIgniter->handleRequest(null, Object(Config\Cache), false)
 9 FCPATH\index.php(79): CodeIgniter\CodeIgniter->run()
10 SYSTEMPATH\Commands\Server\rewrite.php(47): require_once('C:\\ari\\public\\index.php')
CRITICAL - 2023-10-04 04:12:51 --> Undefined variable $manda
in APPPATH\Views\reset.php on line 34.
 1 APPPATH\Views\reset.php(34): CodeIgniter\Debug\Exceptions->errorHandler(2, 'Undefined variable $manda', 'C:\\ari\\app\\Views\\reset.php', 34)
 2 SYSTEMPATH\View\View.php(226): include('C:\\ari\\app\\Views\\reset.php')
 3 SYSTEMPATH\View\View.php(229): CodeIgniter\View\View->CodeIgniter\View\{closure}()
 4 SYSTEMPATH\Common.php(1178): CodeIgniter\View\View->render('reset', [], true)
 5 APPPATH\Controllers\Home.php(355): view('reset')
 6 SYSTEMPATH\CodeIgniter.php(915): App\Controllers\Home->reset()
 7 SYSTEMPATH\CodeIgniter.php(492): CodeIgniter\CodeIgniter->runController(Object(App\Controllers\Home))
 8 SYSTEMPATH\CodeIgniter.php(353): CodeIgniter\CodeIgniter->handleRequest(null, Object(Config\Cache), false)
 9 FCPATH\index.php(79): CodeIgniter\CodeIgniter->run()
10 SYSTEMPATH\Commands\Server\rewrite.php(47): require_once('C:\\ari\\public\\index.php')
CRITICAL - 2023-10-04 04:25:26 --> syntax error, unexpected token "(", expecting identifier or variable or "{" or "$"
in APPPATH\Controllers\Home.php on line 19.
 1 SYSTEMPATH\Autoloader\Autoloader.php(285): CodeIgniter\Autoloader\Autoloader->includeFile('C:\\ari\\app\\Controllers\\Home.php')
 2 SYSTEMPATH\Autoloader\Autoloader.php(263): CodeIgniter\Autoloader\Autoloader->loadInNamespace('App\\Controllers\\Home')
 3 [internal function]: CodeIgniter\Autoloader\Autoloader->loadClass('App\\Controllers\\Home')
 4 SYSTEMPATH\CodeIgniter.php(873): class_exists('\\App\\Controllers\\Home', true)
 5 SYSTEMPATH\CodeIgniter.php(479): CodeIgniter\CodeIgniter->startController()
 6 SYSTEMPATH\CodeIgniter.php(353): CodeIgniter\CodeIgniter->handleRequest(null, Object(Config\Cache), false)
 7 FCPATH\index.php(79): CodeIgniter\CodeIgniter->run()
 8 SYSTEMPATH\Commands\Server\rewrite.php(47): require_once('C:\\ari\\public\\index.php')
CRITICAL - 2023-10-04 04:27:05 --> syntax error, unexpected token "(", expecting identifier or variable or "{" or "$"
in APPPATH\Controllers\Home.php on line 31.
 1 SYSTEMPATH\Autoloader\Autoloader.php(285): CodeIgniter\Autoloader\Autoloader->includeFile('C:\\ari\\app\\Controllers\\Home.php')
 2 SYSTEMPATH\Autoloader\Autoloader.php(263): CodeIgniter\Autoloader\Autoloader->loadInNamespace('App\\Controllers\\Home')
 3 [internal function]: CodeIgniter\Autoloader\Autoloader->loadClass('App\\Controllers\\Home')
 4 SYSTEMPATH\CodeIgniter.php(873): class_exists('\\App\\Controllers\\Home', true)
 5 SYSTEMPATH\CodeIgniter.php(479): CodeIgniter\CodeIgniter->startController()
 6 SYSTEMPATH\CodeIgniter.php(353): CodeIgniter\CodeIgniter->handleRequest(null, Object(Config\Cache), false)
 7 FCPATH\index.php(79): CodeIgniter\CodeIgniter->run()
 8 SYSTEMPATH\Commands\Server\rewrite.php(47): require_once('C:\\ari\\public\\index.php')
CRITICAL - 2023-10-04 04:27:44 --> syntax error, unexpected token "(", expecting identifier or variable or "{" or "$"
in APPPATH\Controllers\Home.php on line 33.
 1 SYSTEMPATH\Autoloader\Autoloader.php(285): CodeIgniter\Autoloader\Autoloader->includeFile('C:\\ari\\app\\Controllers\\Home.php')
 2 SYSTEMPATH\Autoloader\Autoloader.php(263): CodeIgniter\Autoloader\Autoloader->loadInNamespace('App\\Controllers\\Home')
 3 [internal function]: CodeIgniter\Autoloader\Autoloader->loadClass('App\\Controllers\\Home')
 4 SYSTEMPATH\CodeIgniter.php(873): class_exists('\\App\\Controllers\\Home', true)
 5 SYSTEMPATH\CodeIgniter.php(479): CodeIgniter\CodeIgniter->startController()
 6 SYSTEMPATH\CodeIgniter.php(353): CodeIgniter\CodeIgniter->handleRequest(null, Object(Config\Cache), false)
 7 FCPATH\index.php(79): CodeIgniter\CodeIgniter->run()
 8 SYSTEMPATH\Commands\Server\rewrite.php(47): require_once('C:\\ari\\public\\index.php')
CRITICAL - 2023-10-04 04:27:46 --> syntax error, unexpected token "(", expecting identifier or variable or "{" or "$"
in APPPATH\Controllers\Home.php on line 33.
 1 SYSTEMPATH\Autoloader\Autoloader.php(285): CodeIgniter\Autoloader\Autoloader->includeFile('C:\\ari\\app\\Controllers\\Home.php')
 2 SYSTEMPATH\Autoloader\Autoloader.php(263): CodeIgniter\Autoloader\Autoloader->loadInNamespace('App\\Controllers\\Home')
 3 [internal function]: CodeIgniter\Autoloader\Autoloader->loadClass('App\\Controllers\\Home')
 4 SYSTEMPATH\CodeIgniter.php(873): class_exists('\\App\\Controllers\\Home', true)
 5 SYSTEMPATH\CodeIgniter.php(479): CodeIgniter\CodeIgniter->startController()
 6 SYSTEMPATH\CodeIgniter.php(353): CodeIgniter\CodeIgniter->handleRequest(null, Object(Config\Cache), false)
 7 FCPATH\index.php(79): CodeIgniter\CodeIgniter->run()
 8 SYSTEMPATH\Commands\Server\rewrite.php(47): require_once('C:\\ari\\public\\index.php')
CRITICAL - 2023-10-04 04:27:46 --> syntax error, unexpected token "(", expecting identifier or variable or "{" or "$"
in APPPATH\Controllers\Home.php on line 33.
 1 SYSTEMPATH\Autoloader\Autoloader.php(285): CodeIgniter\Autoloader\Autoloader->includeFile('C:\\ari\\app\\Controllers\\Home.php')
 2 SYSTEMPATH\Autoloader\Autoloader.php(263): CodeIgniter\Autoloader\Autoloader->loadInNamespace('App\\Controllers\\Home')
 3 [internal function]: CodeIgniter\Autoloader\Autoloader->loadClass('App\\Controllers\\Home')
 4 SYSTEMPATH\CodeIgniter.php(873): class_exists('\\App\\Controllers\\Home', true)
 5 SYSTEMPATH\CodeIgniter.php(479): CodeIgniter\CodeIgniter->startController()
 6 SYSTEMPATH\CodeIgniter.php(353): CodeIgniter\CodeIgniter->handleRequest(null, Object(Config\Cache), false)
 7 FCPATH\index.php(79): CodeIgniter\CodeIgniter->run()
 8 SYSTEMPATH\Commands\Server\rewrite.php(47): require_once('C:\\ari\\public\\index.php')
CRITICAL - 2023-10-04 05:00:27 --> Unclosed '{' on line 119
in APPPATH\Views\menu.php on line 180.
 1 SYSTEMPATH\View\View.php(229): CodeIgniter\View\View->CodeIgniter\View\{closure}()
 2 SYSTEMPATH\Common.php(1178): CodeIgniter\View\View->render('menu', [], true)
 3 APPPATH\Controllers\Home.php(15): view('menu')
 4 SYSTEMPATH\CodeIgniter.php(915): App\Controllers\Home->dashboard()
 5 SYSTEMPATH\CodeIgniter.php(492): CodeIgniter\CodeIgniter->runController(Object(App\Controllers\Home))
 6 SYSTEMPATH\CodeIgniter.php(353): CodeIgniter\CodeIgniter->handleRequest(null, Object(Config\Cache), false)
 7 FCPATH\index.php(79): CodeIgniter\CodeIgniter->run()
 8 SYSTEMPATH\Commands\Server\rewrite.php(47): require_once('C:\\ari\\public\\index.php')
CRITICAL - 2023-10-04 05:01:13 --> Unclosed '{' on line 119
in APPPATH\Views\menu.php on line 181.
 1 SYSTEMPATH\View\View.php(229): CodeIgniter\View\View->CodeIgniter\View\{closure}()
 2 SYSTEMPATH\Common.php(1178): CodeIgniter\View\View->render('menu', [], true)
 3 APPPATH\Controllers\Home.php(15): view('menu')
 4 SYSTEMPATH\CodeIgniter.php(915): App\Controllers\Home->dashboard()
 5 SYSTEMPATH\CodeIgniter.php(492): CodeIgniter\CodeIgniter->runController(Object(App\Controllers\Home))
 6 SYSTEMPATH\CodeIgniter.php(353): CodeIgniter\CodeIgniter->handleRequest(null, Object(Config\Cache), false)
 7 FCPATH\index.php(79): CodeIgniter\CodeIgniter->run()
 8 SYSTEMPATH\Commands\Server\rewrite.php(47): require_once('C:\\ari\\public\\index.php')
CRITICAL - 2023-10-04 05:01:21 --> Unclosed '{' on line 119
in APPPATH\Views\menu.php on line 181.
 1 SYSTEMPATH\View\View.php(229): CodeIgniter\View\View->CodeIgniter\View\{closure}()
 2 SYSTEMPATH\Common.php(1178): CodeIgniter\View\View->render('menu', [], true)
 3 APPPATH\Controllers\Home.php(15): view('menu')
 4 SYSTEMPATH\CodeIgniter.php(915): App\Controllers\Home->dashboard()
 5 SYSTEMPATH\CodeIgniter.php(492): CodeIgniter\CodeIgniter->runController(Object(App\Controllers\Home))
 6 SYSTEMPATH\CodeIgniter.php(353): CodeIgniter\CodeIgniter->handleRequest(null, Object(Config\Cache), false)
 7 FCPATH\index.php(79): CodeIgniter\CodeIgniter->run()
 8 SYSTEMPATH\Commands\Server\rewrite.php(47): require_once('C:\\ari\\public\\index.php')
CRITICAL - 2023-10-04 05:02:23 --> Unclosed '{' on line 119
in APPPATH\Views\menu.php on line 182.
 1 SYSTEMPATH\View\View.php(229): CodeIgniter\View\View->CodeIgniter\View\{closure}()
 2 SYSTEMPATH\Common.php(1178): CodeIgniter\View\View->render('menu', [], true)
 3 APPPATH\Controllers\Home.php(15): view('menu')
 4 SYSTEMPATH\CodeIgniter.php(915): App\Controllers\Home->dashboard()
 5 SYSTEMPATH\CodeIgniter.php(492): CodeIgniter\CodeIgniter->runController(Object(App\Controllers\Home))
 6 SYSTEMPATH\CodeIgniter.php(353): CodeIgniter\CodeIgniter->handleRequest(null, Object(Config\Cache), false)
 7 FCPATH\index.php(79): CodeIgniter\CodeIgniter->run()
 8 SYSTEMPATH\Commands\Server\rewrite.php(47): require_once('C:\\ari\\public\\index.php')
CRITICAL - 2023-10-04 05:02:24 --> Unclosed '{' on line 119
in APPPATH\Views\menu.php on line 182.
 1 SYSTEMPATH\View\View.php(229): CodeIgniter\View\View->CodeIgniter\View\{closure}()
 2 SYSTEMPATH\Common.php(1178): CodeIgniter\View\View->render('menu', [], true)
 3 APPPATH\Controllers\Home.php(15): view('menu')
 4 SYSTEMPATH\CodeIgniter.php(915): App\Controllers\Home->dashboard()
 5 SYSTEMPATH\CodeIgniter.php(492): CodeIgniter\CodeIgniter->runController(Object(App\Controllers\Home))
 6 SYSTEMPATH\CodeIgniter.php(353): CodeIgniter\CodeIgniter->handleRequest(null, Object(Config\Cache), false)
 7 FCPATH\index.php(79): CodeIgniter\CodeIgniter->run()
 8 SYSTEMPATH\Commands\Server\rewrite.php(47): require_once('C:\\ari\\public\\index.php')
CRITICAL - 2023-10-04 05:02:24 --> Unclosed '{' on line 119
in APPPATH\Views\menu.php on line 182.
 1 SYSTEMPATH\View\View.php(229): CodeIgniter\View\View->CodeIgniter\View\{closure}()
 2 SYSTEMPATH\Common.php(1178): CodeIgniter\View\View->render('menu', [], true)
 3 APPPATH\Controllers\Home.php(15): view('menu')
 4 SYSTEMPATH\CodeIgniter.php(915): App\Controllers\Home->dashboard()
 5 SYSTEMPATH\CodeIgniter.php(492): CodeIgniter\CodeIgniter->runController(Object(App\Controllers\Home))
 6 SYSTEMPATH\CodeIgniter.php(353): CodeIgniter\CodeIgniter->handleRequest(null, Object(Config\Cache), false)
 7 FCPATH\index.php(79): CodeIgniter\CodeIgniter->run()
 8 SYSTEMPATH\Commands\Server\rewrite.php(47): require_once('C:\\ari\\public\\index.php')
CRITICAL - 2023-10-04 05:02:24 --> Unclosed '{' on line 119
in APPPATH\Views\menu.php on line 182.
 1 SYSTEMPATH\View\View.php(229): CodeIgniter\View\View->CodeIgniter\View\{closure}()
 2 SYSTEMPATH\Common.php(1178): CodeIgniter\View\View->render('menu', [], true)
 3 APPPATH\Controllers\Home.php(15): view('menu')
 4 SYSTEMPATH\CodeIgniter.php(915): App\Controllers\Home->dashboard()
 5 SYSTEMPATH\CodeIgniter.php(492): CodeIgniter\CodeIgniter->runController(Object(App\Controllers\Home))
 6 SYSTEMPATH\CodeIgniter.php(353): CodeIgniter\CodeIgniter->handleRequest(null, Object(Config\Cache), false)
 7 FCPATH\index.php(79): CodeIgniter\CodeIgniter->run()
 8 SYSTEMPATH\Commands\Server\rewrite.php(47): require_once('C:\\ari\\public\\index.php')
CRITICAL - 2023-10-04 05:02:24 --> Unclosed '{' on line 119
in APPPATH\Views\menu.php on line 182.
 1 SYSTEMPATH\View\View.php(229): CodeIgniter\View\View->CodeIgniter\View\{closure}()
 2 SYSTEMPATH\Common.php(1178): CodeIgniter\View\View->render('menu', [], true)
 3 APPPATH\Controllers\Home.php(15): view('menu')
 4 SYSTEMPATH\CodeIgniter.php(915): App\Controllers\Home->dashboard()
 5 SYSTEMPATH\CodeIgniter.php(492): CodeIgniter\CodeIgniter->runController(Object(App\Controllers\Home))
 6 SYSTEMPATH\CodeIgniter.php(353): CodeIgniter\CodeIgniter->handleRequest(null, Object(Config\Cache), false)
 7 FCPATH\index.php(79): CodeIgniter\CodeIgniter->run()
 8 SYSTEMPATH\Commands\Server\rewrite.php(47): require_once('C:\\ari\\public\\index.php')
CRITICAL - 2023-10-04 05:02:25 --> Unclosed '{' on line 119
in APPPATH\Views\menu.php on line 182.
 1 SYSTEMPATH\View\View.php(229): CodeIgniter\View\View->CodeIgniter\View\{closure}()
 2 SYSTEMPATH\Common.php(1178): CodeIgniter\View\View->render('menu', [], true)
 3 APPPATH\Controllers\Home.php(15): view('menu')
 4 SYSTEMPATH\CodeIgniter.php(915): App\Controllers\Home->dashboard()
 5 SYSTEMPATH\CodeIgniter.php(492): CodeIgniter\CodeIgniter->runController(Object(App\Controllers\Home))
 6 SYSTEMPATH\CodeIgniter.php(353): CodeIgniter\CodeIgniter->handleRequest(null, Object(Config\Cache), false)
 7 FCPATH\index.php(79): CodeIgniter\CodeIgniter->run()
 8 SYSTEMPATH\Commands\Server\rewrite.php(47): require_once('C:\\ari\\public\\index.php')
