CRITICAL - 2023-09-05 01:15:19 --> Invalid file: "barang.php"
in SYSTEMPATH\Exceptions\FrameworkException.php on line 39.
 1 SYSTEMPATH\View\View.php(214): CodeIgniter\Exceptions\FrameworkException::forInvalidFile('barang.php')
 2 SYSTEMPATH\Common.php(1178): CodeIgniter\View\View->render('barang', [], true)
 3 APPPATH\Controllers\Home.php(13): view('barang')
 4 SYSTEMPATH\CodeIgniter.php(915): App\Controllers\Home->barang()
 5 SYSTEMPATH\CodeIgniter.php(492): CodeIgniter\CodeIgniter->runController(Object(App\Controllers\Home))
 6 SYSTEMPATH\CodeIgniter.php(353): CodeIgniter\CodeIgniter->handleRequest(null, Object(Config\Cache), false)
 7 FCPATH\index.php(79): CodeIgniter\CodeIgniter->run()
 8 SYSTEMPATH\Commands\Server\rewrite.php(47): require_once('C:\\ari\\public\\index.php')
CRITICAL - 2023-09-05 01:15:47 --> Invalid file: "barang.php"
in SYSTEMPATH\Exceptions\FrameworkException.php on line 39.
 1 SYSTEMPATH\View\View.php(214): CodeIgniter\Exceptions\FrameworkException::forInvalidFile('barang.php')
 2 SYSTEMPATH\Common.php(1178): CodeIgniter\View\View->render('barang', [], true)
 3 APPPATH\Controllers\Home.php(13): view('barang')
 4 SYSTEMPATH\CodeIgniter.php(915): App\Controllers\Home->barang()
 5 SYSTEMPATH\CodeIgniter.php(492): CodeIgniter\CodeIgniter->runController(Object(App\Controllers\Home))
 6 SYSTEMPATH\CodeIgniter.php(353): CodeIgniter\CodeIgniter->handleRequest(null, Object(Config\Cache), false)
 7 FCPATH\index.php(79): CodeIgniter\CodeIgniter->run()
 8 SYSTEMPATH\Commands\Server\rewrite.php(47): require_once('C:\\ari\\public\\index.php')
CRITICAL - 2023-09-05 01:17:37 --> Invalid file: "barang.php"
in SYSTEMPATH\Exceptions\FrameworkException.php on line 39.
 1 SYSTEMPATH\View\View.php(214): CodeIgniter\Exceptions\FrameworkException::forInvalidFile('barang.php')
 2 SYSTEMPATH\Common.php(1178): CodeIgniter\View\View->render('barang', [], true)
 3 APPPATH\Controllers\Home.php(13): view('barang')
 4 SYSTEMPATH\CodeIgniter.php(915): App\Controllers\Home->barang()
 5 SYSTEMPATH\CodeIgniter.php(492): CodeIgniter\CodeIgniter->runController(Object(App\Controllers\Home))
 6 SYSTEMPATH\CodeIgniter.php(353): CodeIgniter\CodeIgniter->handleRequest(null, Object(Config\Cache), false)
 7 FCPATH\index.php(79): CodeIgniter\CodeIgniter->run()
 8 SYSTEMPATH\Commands\Server\rewrite.php(47): require_once('C:\\ari\\public\\index.php')
CRITICAL - 2023-09-05 01:43:39 --> Invalid file: "rplxia.php"
in SYSTEMPATH\Exceptions\FrameworkException.php on line 39.
 1 SYSTEMPATH\View\View.php(214): CodeIgniter\Exceptions\FrameworkException::forInvalidFile('rplxia.php')
 2 SYSTEMPATH\Common.php(1178): CodeIgniter\View\View->render('rplxia', [], true)
 3 APPPATH\Controllers\Home.php(17): view('rplxia')
 4 SYSTEMPATH\CodeIgniter.php(915): App\Controllers\Home->aria()
 5 SYSTEMPATH\CodeIgniter.php(492): CodeIgniter\CodeIgniter->runController(Object(App\Controllers\Home))
 6 SYSTEMPATH\CodeIgniter.php(353): CodeIgniter\CodeIgniter->handleRequest(null, Object(Config\Cache), false)
 7 FCPATH\index.php(79): CodeIgniter\CodeIgniter->run()
 8 SYSTEMPATH\Commands\Server\rewrite.php(47): require_once('C:\\ari\\public\\index.php')
CRITICAL - 2023-09-05 04:28:12 --> Invalid file: "rplxia.php"
in SYSTEMPATH\Exceptions\FrameworkException.php on line 39.
 1 SYSTEMPATH\View\View.php(214): CodeIgniter\Exceptions\FrameworkException::forInvalidFile('rplxia.php')
 2 SYSTEMPATH\Common.php(1178): CodeIgniter\View\View->render('rplxia', [], true)
 3 APPPATH\Controllers\Home.php(17): view('rplxia')
 4 SYSTEMPATH\CodeIgniter.php(915): App\Controllers\Home->aria()
 5 SYSTEMPATH\CodeIgniter.php(492): CodeIgniter\CodeIgniter->runController(Object(App\Controllers\Home))
 6 SYSTEMPATH\CodeIgniter.php(353): CodeIgniter\CodeIgniter->handleRequest(null, Object(Config\Cache), false)
 7 FCPATH\index.php(79): CodeIgniter\CodeIgniter->run()
 8 SYSTEMPATH\Commands\Server\rewrite.php(47): require_once('C:\\ari\\public\\index.php')
CRITICAL - 2023-09-05 06:12:15 --> Invalid file: "rplxia.php"
in SYSTEMPATH\Exceptions\FrameworkException.php on line 39.
 1 SYSTEMPATH\View\View.php(214): CodeIgniter\Exceptions\FrameworkException::forInvalidFile('rplxia.php')
 2 SYSTEMPATH\Common.php(1178): CodeIgniter\View\View->render('rplxia', [], true)
 3 APPPATH\Controllers\Home.php(17): view('rplxia')
 4 SYSTEMPATH\CodeIgniter.php(915): App\Controllers\Home->aria()
 5 SYSTEMPATH\CodeIgniter.php(492): CodeIgniter\CodeIgniter->runController(Object(App\Controllers\Home))
 6 SYSTEMPATH\CodeIgniter.php(353): CodeIgniter\CodeIgniter->handleRequest(null, Object(Config\Cache), false)
 7 FCPATH\index.php(79): CodeIgniter\CodeIgniter->run()
 8 SYSTEMPATH\Commands\Server\rewrite.php(47): require_once('C:\\ari\\public\\index.php')
CRITICAL - 2023-09-05 06:12:45 --> Invalid file: "rplxia.php"
in SYSTEMPATH\Exceptions\FrameworkException.php on line 39.
 1 SYSTEMPATH\View\View.php(214): CodeIgniter\Exceptions\FrameworkException::forInvalidFile('rplxia.php')
 2 SYSTEMPATH\Common.php(1178): CodeIgniter\View\View->render('rplxia', [], true)
 3 APPPATH\Controllers\Home.php(17): view('rplxia')
 4 SYSTEMPATH\CodeIgniter.php(915): App\Controllers\Home->aria()
 5 SYSTEMPATH\CodeIgniter.php(492): CodeIgniter\CodeIgniter->runController(Object(App\Controllers\Home))
 6 SYSTEMPATH\CodeIgniter.php(353): CodeIgniter\CodeIgniter->handleRequest(null, Object(Config\Cache), false)
 7 FCPATH\index.php(79): CodeIgniter\CodeIgniter->run()
 8 SYSTEMPATH\Commands\Server\rewrite.php(47): require_once('C:\\ari\\public\\index.php')
