CRITICAL - 2023-09-06 06:17:27 --> Undefined variable $manda
in APPPATH\Views\barang.php on line 26.
 1 APPPATH\Views\barang.php(26): CodeIgniter\Debug\Exceptions->errorHandler(2, 'Undefined variable $manda', 'C:\\ari\\app\\Views\\barang.php', 26)
 2 SYSTEMPATH\View\View.php(226): include('C:\\ari\\app\\Views\\barang.php')
 3 SYSTEMPATH\View\View.php(229): CodeIgniter\View\View->CodeIgniter\View\{closure}()
 4 SYSTEMPATH\Common.php(1178): CodeIgniter\View\View->render('barang', [], true)
 5 APPPATH\Controllers\Home.php(23): view('barang')
 6 SYSTEMPATH\CodeIgniter.php(915): App\Controllers\Home->aria()
 7 SYSTEMPATH\CodeIgniter.php(492): CodeIgniter\CodeIgniter->runController(Object(App\Controllers\Home))
 8 SYSTEMPATH\CodeIgniter.php(353): CodeIgniter\CodeIgniter->handleRequest(null, Object(Config\Cache), false)
 9 FCPATH\index.php(79): CodeIgniter\CodeIgniter->run()
10 SYSTEMPATH\Commands\Server\rewrite.php(47): require_once('C:\\ari\\public\\index.php')
CRITICAL - 2023-09-06 06:22:18 --> Undefined variable $manda
in APPPATH\Views\barang.php on line 26.
 1 APPPATH\Views\barang.php(26): CodeIgniter\Debug\Exceptions->errorHandler(2, 'Undefined variable $manda', 'C:\\ari\\app\\Views\\barang.php', 26)
 2 SYSTEMPATH\View\View.php(226): include('C:\\ari\\app\\Views\\barang.php')
 3 SYSTEMPATH\View\View.php(229): CodeIgniter\View\View->CodeIgniter\View\{closure}()
 4 SYSTEMPATH\Common.php(1178): CodeIgniter\View\View->render('barang', [], true)
 5 APPPATH\Controllers\Home.php(23): view('barang')
 6 SYSTEMPATH\CodeIgniter.php(915): App\Controllers\Home->aria()
 7 SYSTEMPATH\CodeIgniter.php(492): CodeIgniter\CodeIgniter->runController(Object(App\Controllers\Home))
 8 SYSTEMPATH\CodeIgniter.php(353): CodeIgniter\CodeIgniter->handleRequest(null, Object(Config\Cache), false)
 9 FCPATH\index.php(79): CodeIgniter\CodeIgniter->run()
10 SYSTEMPATH\Commands\Server\rewrite.php(47): require_once('C:\\ari\\public\\index.php')
CRITICAL - 2023-09-06 06:22:19 --> Undefined variable $manda
in APPPATH\Views\barang.php on line 26.
 1 APPPATH\Views\barang.php(26): CodeIgniter\Debug\Exceptions->errorHandler(2, 'Undefined variable $manda', 'C:\\ari\\app\\Views\\barang.php', 26)
 2 SYSTEMPATH\View\View.php(226): include('C:\\ari\\app\\Views\\barang.php')
 3 SYSTEMPATH\View\View.php(229): CodeIgniter\View\View->CodeIgniter\View\{closure}()
 4 SYSTEMPATH\Common.php(1178): CodeIgniter\View\View->render('barang', [], true)
 5 APPPATH\Controllers\Home.php(23): view('barang')
 6 SYSTEMPATH\CodeIgniter.php(915): App\Controllers\Home->aria()
 7 SYSTEMPATH\CodeIgniter.php(492): CodeIgniter\CodeIgniter->runController(Object(App\Controllers\Home))
 8 SYSTEMPATH\CodeIgniter.php(353): CodeIgniter\CodeIgniter->handleRequest(null, Object(Config\Cache), false)
 9 FCPATH\index.php(79): CodeIgniter\CodeIgniter->run()
10 SYSTEMPATH\Commands\Server\rewrite.php(47): require_once('C:\\ari\\public\\index.php')
CRITICAL - 2023-09-06 06:26:23 --> syntax error, unexpected token "{", expecting "function" or "const"
in APPPATH\Controllers\Home.php on line 11.
 1 SYSTEMPATH\Autoloader\Autoloader.php(285): CodeIgniter\Autoloader\Autoloader->includeFile('C:\\ari\\app\\Controllers\\Home.php')
 2 SYSTEMPATH\Autoloader\Autoloader.php(263): CodeIgniter\Autoloader\Autoloader->loadInNamespace('App\\Controllers\\Home')
 3 [internal function]: CodeIgniter\Autoloader\Autoloader->loadClass('App\\Controllers\\Home')
 4 SYSTEMPATH\CodeIgniter.php(873): class_exists('\\App\\Controllers\\Home', true)
 5 SYSTEMPATH\CodeIgniter.php(479): CodeIgniter\CodeIgniter->startController()
 6 SYSTEMPATH\CodeIgniter.php(353): CodeIgniter\CodeIgniter->handleRequest(null, Object(Config\Cache), false)
 7 FCPATH\index.php(79): CodeIgniter\CodeIgniter->run()
 8 SYSTEMPATH\Commands\Server\rewrite.php(47): require_once('C:\\ari\\public\\index.php')
CRITICAL - 2023-09-06 06:26:51 --> Undefined variable $manda
in APPPATH\Views\barang.php on line 26.
 1 APPPATH\Views\barang.php(26): CodeIgniter\Debug\Exceptions->errorHandler(2, 'Undefined variable $manda', 'C:\\ari\\app\\Views\\barang.php', 26)
 2 SYSTEMPATH\View\View.php(226): include('C:\\ari\\app\\Views\\barang.php')
 3 SYSTEMPATH\View\View.php(229): CodeIgniter\View\View->CodeIgniter\View\{closure}()
 4 SYSTEMPATH\Common.php(1178): CodeIgniter\View\View->render('barang', [], true)
 5 APPPATH\Controllers\Home.php(24): view('barang')
 6 SYSTEMPATH\CodeIgniter.php(915): App\Controllers\Home->aria()
 7 SYSTEMPATH\CodeIgniter.php(492): CodeIgniter\CodeIgniter->runController(Object(App\Controllers\Home))
 8 SYSTEMPATH\CodeIgniter.php(353): CodeIgniter\CodeIgniter->handleRequest(null, Object(Config\Cache), false)
 9 FCPATH\index.php(79): CodeIgniter\CodeIgniter->run()
10 SYSTEMPATH\Commands\Server\rewrite.php(47): require_once('C:\\ari\\public\\index.php')
CRITICAL - 2023-09-06 06:27:54 --> Undefined variable $manda
in APPPATH\Views\barang.php on line 26.
 1 APPPATH\Views\barang.php(26): CodeIgniter\Debug\Exceptions->errorHandler(2, 'Undefined variable $manda', 'C:\\ari\\app\\Views\\barang.php', 26)
 2 SYSTEMPATH\View\View.php(226): include('C:\\ari\\app\\Views\\barang.php')
 3 SYSTEMPATH\View\View.php(229): CodeIgniter\View\View->CodeIgniter\View\{closure}()
 4 SYSTEMPATH\Common.php(1178): CodeIgniter\View\View->render('barang', [], true)
 5 APPPATH\Controllers\Home.php(24): view('barang')
 6 SYSTEMPATH\CodeIgniter.php(915): App\Controllers\Home->aria()
 7 SYSTEMPATH\CodeIgniter.php(492): CodeIgniter\CodeIgniter->runController(Object(App\Controllers\Home))
 8 SYSTEMPATH\CodeIgniter.php(353): CodeIgniter\CodeIgniter->handleRequest(null, Object(Config\Cache), false)
 9 FCPATH\index.php(79): CodeIgniter\CodeIgniter->run()
10 SYSTEMPATH\Commands\Server\rewrite.php(47): require_once('C:\\ari\\public\\index.php')
CRITICAL - 2023-09-06 06:27:55 --> Undefined variable $manda
in APPPATH\Views\barang.php on line 26.
 1 APPPATH\Views\barang.php(26): CodeIgniter\Debug\Exceptions->errorHandler(2, 'Undefined variable $manda', 'C:\\ari\\app\\Views\\barang.php', 26)
 2 SYSTEMPATH\View\View.php(226): include('C:\\ari\\app\\Views\\barang.php')
 3 SYSTEMPATH\View\View.php(229): CodeIgniter\View\View->CodeIgniter\View\{closure}()
 4 SYSTEMPATH\Common.php(1178): CodeIgniter\View\View->render('barang', [], true)
 5 APPPATH\Controllers\Home.php(24): view('barang')
 6 SYSTEMPATH\CodeIgniter.php(915): App\Controllers\Home->aria()
 7 SYSTEMPATH\CodeIgniter.php(492): CodeIgniter\CodeIgniter->runController(Object(App\Controllers\Home))
 8 SYSTEMPATH\CodeIgniter.php(353): CodeIgniter\CodeIgniter->handleRequest(null, Object(Config\Cache), false)
 9 FCPATH\index.php(79): CodeIgniter\CodeIgniter->run()
10 SYSTEMPATH\Commands\Server\rewrite.php(47): require_once('C:\\ari\\public\\index.php')
CRITICAL - 2023-09-06 06:27:55 --> Undefined variable $manda
in APPPATH\Views\barang.php on line 26.
 1 APPPATH\Views\barang.php(26): CodeIgniter\Debug\Exceptions->errorHandler(2, 'Undefined variable $manda', 'C:\\ari\\app\\Views\\barang.php', 26)
 2 SYSTEMPATH\View\View.php(226): include('C:\\ari\\app\\Views\\barang.php')
 3 SYSTEMPATH\View\View.php(229): CodeIgniter\View\View->CodeIgniter\View\{closure}()
 4 SYSTEMPATH\Common.php(1178): CodeIgniter\View\View->render('barang', [], true)
 5 APPPATH\Controllers\Home.php(24): view('barang')
 6 SYSTEMPATH\CodeIgniter.php(915): App\Controllers\Home->aria()
 7 SYSTEMPATH\CodeIgniter.php(492): CodeIgniter\CodeIgniter->runController(Object(App\Controllers\Home))
 8 SYSTEMPATH\CodeIgniter.php(353): CodeIgniter\CodeIgniter->handleRequest(null, Object(Config\Cache), false)
 9 FCPATH\index.php(79): CodeIgniter\CodeIgniter->run()
10 SYSTEMPATH\Commands\Server\rewrite.php(47): require_once('C:\\ari\\public\\index.php')
CRITICAL - 2023-09-06 06:29:09 --> Undefined variable $manda
in APPPATH\Views\barang.php on line 26.
 1 APPPATH\Views\barang.php(26): CodeIgniter\Debug\Exceptions->errorHandler(2, 'Undefined variable $manda', 'C:\\ari\\app\\Views\\barang.php', 26)
 2 SYSTEMPATH\View\View.php(226): include('C:\\ari\\app\\Views\\barang.php')
 3 SYSTEMPATH\View\View.php(229): CodeIgniter\View\View->CodeIgniter\View\{closure}()
 4 SYSTEMPATH\Common.php(1178): CodeIgniter\View\View->render('barang', [], true)
 5 APPPATH\Controllers\Home.php(25): view('barang')
 6 SYSTEMPATH\CodeIgniter.php(915): App\Controllers\Home->aria()
 7 SYSTEMPATH\CodeIgniter.php(492): CodeIgniter\CodeIgniter->runController(Object(App\Controllers\Home))
 8 SYSTEMPATH\CodeIgniter.php(353): CodeIgniter\CodeIgniter->handleRequest(null, Object(Config\Cache), false)
 9 FCPATH\index.php(79): CodeIgniter\CodeIgniter->run()
10 SYSTEMPATH\Commands\Server\rewrite.php(47): require_once('C:\\ari\\public\\index.php')
CRITICAL - 2023-09-06 06:29:10 --> Undefined variable $manda
in APPPATH\Views\barang.php on line 26.
 1 APPPATH\Views\barang.php(26): CodeIgniter\Debug\Exceptions->errorHandler(2, 'Undefined variable $manda', 'C:\\ari\\app\\Views\\barang.php', 26)
 2 SYSTEMPATH\View\View.php(226): include('C:\\ari\\app\\Views\\barang.php')
 3 SYSTEMPATH\View\View.php(229): CodeIgniter\View\View->CodeIgniter\View\{closure}()
 4 SYSTEMPATH\Common.php(1178): CodeIgniter\View\View->render('barang', [], true)
 5 APPPATH\Controllers\Home.php(25): view('barang')
 6 SYSTEMPATH\CodeIgniter.php(915): App\Controllers\Home->aria()
 7 SYSTEMPATH\CodeIgniter.php(492): CodeIgniter\CodeIgniter->runController(Object(App\Controllers\Home))
 8 SYSTEMPATH\CodeIgniter.php(353): CodeIgniter\CodeIgniter->handleRequest(null, Object(Config\Cache), false)
 9 FCPATH\index.php(79): CodeIgniter\CodeIgniter->run()
10 SYSTEMPATH\Commands\Server\rewrite.php(47): require_once('C:\\ari\\public\\index.php')
CRITICAL - 2023-09-06 06:29:10 --> Undefined variable $manda
in APPPATH\Views\barang.php on line 26.
 1 APPPATH\Views\barang.php(26): CodeIgniter\Debug\Exceptions->errorHandler(2, 'Undefined variable $manda', 'C:\\ari\\app\\Views\\barang.php', 26)
 2 SYSTEMPATH\View\View.php(226): include('C:\\ari\\app\\Views\\barang.php')
 3 SYSTEMPATH\View\View.php(229): CodeIgniter\View\View->CodeIgniter\View\{closure}()
 4 SYSTEMPATH\Common.php(1178): CodeIgniter\View\View->render('barang', [], true)
 5 APPPATH\Controllers\Home.php(25): view('barang')
 6 SYSTEMPATH\CodeIgniter.php(915): App\Controllers\Home->aria()
 7 SYSTEMPATH\CodeIgniter.php(492): CodeIgniter\CodeIgniter->runController(Object(App\Controllers\Home))
 8 SYSTEMPATH\CodeIgniter.php(353): CodeIgniter\CodeIgniter->handleRequest(null, Object(Config\Cache), false)
 9 FCPATH\index.php(79): CodeIgniter\CodeIgniter->run()
10 SYSTEMPATH\Commands\Server\rewrite.php(47): require_once('C:\\ari\\public\\index.php')
CRITICAL - 2023-09-06 06:29:10 --> Undefined variable $manda
in APPPATH\Views\barang.php on line 26.
 1 APPPATH\Views\barang.php(26): CodeIgniter\Debug\Exceptions->errorHandler(2, 'Undefined variable $manda', 'C:\\ari\\app\\Views\\barang.php', 26)
 2 SYSTEMPATH\View\View.php(226): include('C:\\ari\\app\\Views\\barang.php')
 3 SYSTEMPATH\View\View.php(229): CodeIgniter\View\View->CodeIgniter\View\{closure}()
 4 SYSTEMPATH\Common.php(1178): CodeIgniter\View\View->render('barang', [], true)
 5 APPPATH\Controllers\Home.php(25): view('barang')
 6 SYSTEMPATH\CodeIgniter.php(915): App\Controllers\Home->aria()
 7 SYSTEMPATH\CodeIgniter.php(492): CodeIgniter\CodeIgniter->runController(Object(App\Controllers\Home))
 8 SYSTEMPATH\CodeIgniter.php(353): CodeIgniter\CodeIgniter->handleRequest(null, Object(Config\Cache), false)
 9 FCPATH\index.php(79): CodeIgniter\CodeIgniter->run()
10 SYSTEMPATH\Commands\Server\rewrite.php(47): require_once('C:\\ari\\public\\index.php')
CRITICAL - 2023-09-06 06:32:08 --> Undefined variable $manda
in APPPATH\Views\barang.php on line 28.
 1 APPPATH\Views\barang.php(28): CodeIgniter\Debug\Exceptions->errorHandler(2, 'Undefined variable $manda', 'C:\\ari\\app\\Views\\barang.php', 28)
 2 SYSTEMPATH\View\View.php(226): include('C:\\ari\\app\\Views\\barang.php')
 3 SYSTEMPATH\View\View.php(229): CodeIgniter\View\View->CodeIgniter\View\{closure}()
 4 SYSTEMPATH\Common.php(1178): CodeIgniter\View\View->render('barang', [], true)
 5 APPPATH\Controllers\Home.php(25): view('barang')
 6 SYSTEMPATH\CodeIgniter.php(915): App\Controllers\Home->aria()
 7 SYSTEMPATH\CodeIgniter.php(492): CodeIgniter\CodeIgniter->runController(Object(App\Controllers\Home))
 8 SYSTEMPATH\CodeIgniter.php(353): CodeIgniter\CodeIgniter->handleRequest(null, Object(Config\Cache), false)
 9 FCPATH\index.php(79): CodeIgniter\CodeIgniter->run()
10 SYSTEMPATH\Commands\Server\rewrite.php(47): require_once('C:\\ari\\public\\index.php')
CRITICAL - 2023-09-06 06:32:09 --> Undefined variable $manda
in APPPATH\Views\barang.php on line 28.
 1 APPPATH\Views\barang.php(28): CodeIgniter\Debug\Exceptions->errorHandler(2, 'Undefined variable $manda', 'C:\\ari\\app\\Views\\barang.php', 28)
 2 SYSTEMPATH\View\View.php(226): include('C:\\ari\\app\\Views\\barang.php')
 3 SYSTEMPATH\View\View.php(229): CodeIgniter\View\View->CodeIgniter\View\{closure}()
 4 SYSTEMPATH\Common.php(1178): CodeIgniter\View\View->render('barang', [], true)
 5 APPPATH\Controllers\Home.php(25): view('barang')
 6 SYSTEMPATH\CodeIgniter.php(915): App\Controllers\Home->aria()
 7 SYSTEMPATH\CodeIgniter.php(492): CodeIgniter\CodeIgniter->runController(Object(App\Controllers\Home))
 8 SYSTEMPATH\CodeIgniter.php(353): CodeIgniter\CodeIgniter->handleRequest(null, Object(Config\Cache), false)
 9 FCPATH\index.php(79): CodeIgniter\CodeIgniter->run()
10 SYSTEMPATH\Commands\Server\rewrite.php(47): require_once('C:\\ari\\public\\index.php')
CRITICAL - 2023-09-06 06:36:17 --> Call to undefined method CodeIgniter\Database\MySQLi\Connection::tabel()
in APPPATH\Models\M_gudang.php on line 9.
 1 APPPATH\Controllers\Home.php(13): App\Models\M_gudang->tampil('barang')
 2 SYSTEMPATH\CodeIgniter.php(915): App\Controllers\Home->index()
 3 SYSTEMPATH\CodeIgniter.php(492): CodeIgniter\CodeIgniter->runController(Object(App\Controllers\Home))
 4 SYSTEMPATH\CodeIgniter.php(353): CodeIgniter\CodeIgniter->handleRequest(null, Object(Config\Cache), false)
 5 FCPATH\index.php(79): CodeIgniter\CodeIgniter->run()
 6 SYSTEMPATH\Commands\Server\rewrite.php(47): require_once('C:\\ari\\public\\index.php')
CRITICAL - 2023-09-06 06:51:44 --> syntax error, unexpected token "<"
in APPPATH\Views\barang.php on line 33.
 1 SYSTEMPATH\View\View.php(229): CodeIgniter\View\View->CodeIgniter\View\{closure}()
 2 SYSTEMPATH\Common.php(1178): CodeIgniter\View\View->render('barang', [], true)
 3 APPPATH\Controllers\Home.php(15): view('barang', [...])
 4 SYSTEMPATH\CodeIgniter.php(915): App\Controllers\Home->index()
 5 SYSTEMPATH\CodeIgniter.php(492): CodeIgniter\CodeIgniter->runController(Object(App\Controllers\Home))
 6 SYSTEMPATH\CodeIgniter.php(353): CodeIgniter\CodeIgniter->handleRequest(null, Object(Config\Cache), false)
 7 FCPATH\index.php(79): CodeIgniter\CodeIgniter->run()
 8 SYSTEMPATH\Commands\Server\rewrite.php(47): require_once('C:\\ari\\public\\index.php')
CRITICAL - 2023-09-06 12:12:05 --> Undefined variable $manda
in APPPATH\Views\barang.php on line 28.
 1 APPPATH\Views\barang.php(28): CodeIgniter\Debug\Exceptions->errorHandler(2, 'Undefined variable $manda', 'C:\\ari\\app\\Views\\barang.php', 28)
 2 SYSTEMPATH\View\View.php(226): include('C:\\ari\\app\\Views\\barang.php')
 3 SYSTEMPATH\View\View.php(229): CodeIgniter\View\View->CodeIgniter\View\{closure}()
 4 SYSTEMPATH\Common.php(1178): CodeIgniter\View\View->render('barang', [], true)
 5 APPPATH\Controllers\Home.php(25): view('barang')
 6 SYSTEMPATH\CodeIgniter.php(915): App\Controllers\Home->aria()
 7 SYSTEMPATH\CodeIgniter.php(492): CodeIgniter\CodeIgniter->runController(Object(App\Controllers\Home))
 8 SYSTEMPATH\CodeIgniter.php(353): CodeIgniter\CodeIgniter->handleRequest(null, Object(Config\Cache), false)
 9 FCPATH\index.php(79): CodeIgniter\CodeIgniter->run()
10 SYSTEMPATH\Commands\Server\rewrite.php(47): require_once('C:\\ari\\public\\index.php')
CRITICAL - 2023-09-06 12:13:35 --> Undefined variable $manda
in APPPATH\Views\barang.php on line 28.
 1 APPPATH\Views\barang.php(28): CodeIgniter\Debug\Exceptions->errorHandler(2, 'Undefined variable $manda', 'C:\\ari\\app\\Views\\barang.php', 28)
 2 SYSTEMPATH\View\View.php(226): include('C:\\ari\\app\\Views\\barang.php')
 3 SYSTEMPATH\View\View.php(229): CodeIgniter\View\View->CodeIgniter\View\{closure}()
 4 SYSTEMPATH\Common.php(1178): CodeIgniter\View\View->render('barang', [], true)
 5 APPPATH\Controllers\Home.php(21): view('barang')
 6 SYSTEMPATH\CodeIgniter.php(915): App\Controllers\Home->barang()
 7 SYSTEMPATH\CodeIgniter.php(492): CodeIgniter\CodeIgniter->runController(Object(App\Controllers\Home))
 8 SYSTEMPATH\CodeIgniter.php(353): CodeIgniter\CodeIgniter->handleRequest(null, Object(Config\Cache), false)
 9 FCPATH\index.php(79): CodeIgniter\CodeIgniter->run()
10 SYSTEMPATH\Commands\Server\rewrite.php(47): require_once('C:\\ari\\public\\index.php')
