CRITICAL - 2023-10-16 04:08:31 --> Attempt to read property "foto" on null
in APPPATH\Views\menu.php on line 28.
 1 APPPATH\Views\menu.php(28): CodeIgniter\Debug\Exceptions->errorHandler(2, 'Attempt to read property "foto" on null', 'C:\\ari\\app\\Views\\menu.php', 28)
 2 SYSTEMPATH\View\View.php(226): include('C:\\ari\\app\\Views\\menu.php')
 3 SYSTEMPATH\View\View.php(229): CodeIgniter\View\View->CodeIgniter\View\{closure}()
 4 SYSTEMPATH\Common.php(1178): CodeIgniter\View\View->render('menu', [], true)
 5 APPPATH\Controllers\Home.php(18): view('menu', [...])
 6 SYSTEMPATH\CodeIgniter.php(915): App\Controllers\Home->dashboard()
 7 SYSTEMPATH\CodeIgniter.php(492): CodeIgniter\CodeIgniter->runController(Object(App\Controllers\Home))
 8 SYSTEMPATH\CodeIgniter.php(353): CodeIgniter\CodeIgniter->handleRequest(null, Object(Config\Cache), false)
 9 FCPATH\index.php(79): CodeIgniter\CodeIgniter->run()
10 SYSTEMPATH\Commands\Server\rewrite.php(47): require_once('C:\\ari\\public\\index.php')
CRITICAL - 2023-10-16 04:15:42 --> Undefined variable $model
in APPPATH\Controllers\Home.php on line 594.
 1 APPPATH\Controllers\Home.php(594): CodeIgniter\Debug\Exceptions->errorHandler(2, 'Undefined variable $model', 'C:\\ari\\app\\Controllers\\Home.php', 594)
 2 SYSTEMPATH\CodeIgniter.php(915): App\Controllers\Home->tambahkry()
 3 SYSTEMPATH\CodeIgniter.php(492): CodeIgniter\CodeIgniter->runController(Object(App\Controllers\Home))
 4 SYSTEMPATH\CodeIgniter.php(353): CodeIgniter\CodeIgniter->handleRequest(null, Object(Config\Cache), false)
 5 FCPATH\index.php(79): CodeIgniter\CodeIgniter->run()
 6 SYSTEMPATH\Commands\Server\rewrite.php(47): require_once('C:\\ari\\public\\index.php')
CRITICAL - 2023-10-16 04:19:43 --> Undefined property: stdClass::$nama_kry
in APPPATH\Views\edit_kry.php on line 28.
 1 APPPATH\Views\edit_kry.php(28): CodeIgniter\Debug\Exceptions->errorHandler(2, 'Undefined property: stdClass::$nama_kry', 'C:\\ari\\app\\Views\\edit_kry.php', 28)
 2 SYSTEMPATH\View\View.php(226): include('C:\\ari\\app\\Views\\edit_kry.php')
 3 SYSTEMPATH\View\View.php(229): CodeIgniter\View\View->CodeIgniter\View\{closure}()
 4 SYSTEMPATH\Common.php(1178): CodeIgniter\View\View->render('edit_kry', [], true)
 5 APPPATH\Controllers\Home.php(617): view('edit_kry', [...])
 6 SYSTEMPATH\CodeIgniter.php(915): App\Controllers\Home->edit_kry('7')
 7 SYSTEMPATH\CodeIgniter.php(492): CodeIgniter\CodeIgniter->runController(Object(App\Controllers\Home))
 8 SYSTEMPATH\CodeIgniter.php(353): CodeIgniter\CodeIgniter->handleRequest(null, Object(Config\Cache), false)
 9 FCPATH\index.php(79): CodeIgniter\CodeIgniter->run()
10 SYSTEMPATH\Commands\Server\rewrite.php(47): require_once('C:\\ari\\public\\index.php')
CRITICAL - 2023-10-16 04:23:13 --> Undefined variable $satu
in APPPATH\Views\tambahusera.php on line 21.
 1 APPPATH\Views\tambahusera.php(21): CodeIgniter\Debug\Exceptions->errorHandler(2, 'Undefined variable $satu', 'C:\\ari\\app\\Views\\tambahusera.php', 21)
 2 SYSTEMPATH\View\View.php(226): include('C:\\ari\\app\\Views\\tambahusera.php')
 3 SYSTEMPATH\View\View.php(229): CodeIgniter\View\View->CodeIgniter\View\{closure}()
 4 SYSTEMPATH\Common.php(1178): CodeIgniter\View\View->render('tambahusera', [], true)
 5 APPPATH\Controllers\Home.php(347): view('tambahusera')
 6 SYSTEMPATH\CodeIgniter.php(915): App\Controllers\Home->tambah_user()
 7 SYSTEMPATH\CodeIgniter.php(492): CodeIgniter\CodeIgniter->runController(Object(App\Controllers\Home))
 8 SYSTEMPATH\CodeIgniter.php(353): CodeIgniter\CodeIgniter->handleRequest(null, Object(Config\Cache), false)
 9 FCPATH\index.php(79): CodeIgniter\CodeIgniter->run()
10 SYSTEMPATH\Commands\Server\rewrite.php(47): require_once('C:\\ari\\public\\index.php')
CRITICAL - 2023-10-16 04:24:20 --> Undefined variable $satu
in APPPATH\Views\tambahusera.php on line 21.
 1 APPPATH\Views\tambahusera.php(21): CodeIgniter\Debug\Exceptions->errorHandler(2, 'Undefined variable $satu', 'C:\\ari\\app\\Views\\tambahusera.php', 21)
 2 SYSTEMPATH\View\View.php(226): include('C:\\ari\\app\\Views\\tambahusera.php')
 3 SYSTEMPATH\View\View.php(229): CodeIgniter\View\View->CodeIgniter\View\{closure}()
 4 SYSTEMPATH\Common.php(1178): CodeIgniter\View\View->render('tambahusera', [], true)
 5 APPPATH\Controllers\Home.php(347): view('tambahusera')
 6 SYSTEMPATH\CodeIgniter.php(915): App\Controllers\Home->tambah_user()
 7 SYSTEMPATH\CodeIgniter.php(492): CodeIgniter\CodeIgniter->runController(Object(App\Controllers\Home))
 8 SYSTEMPATH\CodeIgniter.php(353): CodeIgniter\CodeIgniter->handleRequest(null, Object(Config\Cache), false)
 9 FCPATH\index.php(79): CodeIgniter\CodeIgniter->run()
10 SYSTEMPATH\Commands\Server\rewrite.php(47): require_once('C:\\ari\\public\\index.php')
CRITICAL - 2023-10-16 04:26:00 --> Undefined variable $satu
in APPPATH\Views\tambahusera.php on line 21.
 1 APPPATH\Views\tambahusera.php(21): CodeIgniter\Debug\Exceptions->errorHandler(2, 'Undefined variable $satu', 'C:\\ari\\app\\Views\\tambahusera.php', 21)
 2 SYSTEMPATH\View\View.php(226): include('C:\\ari\\app\\Views\\tambahusera.php')
 3 SYSTEMPATH\View\View.php(229): CodeIgniter\View\View->CodeIgniter\View\{closure}()
 4 SYSTEMPATH\Common.php(1178): CodeIgniter\View\View->render('tambahusera', [], true)
 5 APPPATH\Controllers\Home.php(347): view('tambahusera')
 6 SYSTEMPATH\CodeIgniter.php(915): App\Controllers\Home->tambah_user()
 7 SYSTEMPATH\CodeIgniter.php(492): CodeIgniter\CodeIgniter->runController(Object(App\Controllers\Home))
 8 SYSTEMPATH\CodeIgniter.php(353): CodeIgniter\CodeIgniter->handleRequest(null, Object(Config\Cache), false)
 9 FCPATH\index.php(79): CodeIgniter\CodeIgniter->run()
10 SYSTEMPATH\Commands\Server\rewrite.php(47): require_once('C:\\ari\\public\\index.php')
CRITICAL - 2023-10-16 04:26:07 --> Undefined variable $satu
in APPPATH\Views\tambahusera.php on line 21.
 1 APPPATH\Views\tambahusera.php(21): CodeIgniter\Debug\Exceptions->errorHandler(2, 'Undefined variable $satu', 'C:\\ari\\app\\Views\\tambahusera.php', 21)
 2 SYSTEMPATH\View\View.php(226): include('C:\\ari\\app\\Views\\tambahusera.php')
 3 SYSTEMPATH\View\View.php(229): CodeIgniter\View\View->CodeIgniter\View\{closure}()
 4 SYSTEMPATH\Common.php(1178): CodeIgniter\View\View->render('tambahusera', [], true)
 5 APPPATH\Controllers\Home.php(347): view('tambahusera')
 6 SYSTEMPATH\CodeIgniter.php(915): App\Controllers\Home->tambah_user()
 7 SYSTEMPATH\CodeIgniter.php(492): CodeIgniter\CodeIgniter->runController(Object(App\Controllers\Home))
 8 SYSTEMPATH\CodeIgniter.php(353): CodeIgniter\CodeIgniter->handleRequest(null, Object(Config\Cache), false)
 9 FCPATH\index.php(79): CodeIgniter\CodeIgniter->run()
10 SYSTEMPATH\Commands\Server\rewrite.php(47): require_once('C:\\ari\\public\\index.php')
CRITICAL - 2023-10-16 04:29:16 --> Undefined variable $satu
in APPPATH\Views\tambahusera.php on line 21.
 1 APPPATH\Views\tambahusera.php(21): CodeIgniter\Debug\Exceptions->errorHandler(2, 'Undefined variable $satu', 'C:\\ari\\app\\Views\\tambahusera.php', 21)
 2 SYSTEMPATH\View\View.php(226): include('C:\\ari\\app\\Views\\tambahusera.php')
 3 SYSTEMPATH\View\View.php(229): CodeIgniter\View\View->CodeIgniter\View\{closure}()
 4 SYSTEMPATH\Common.php(1178): CodeIgniter\View\View->render('tambahusera', [], true)
 5 APPPATH\Controllers\Home.php(347): view('tambahusera')
 6 SYSTEMPATH\CodeIgniter.php(915): App\Controllers\Home->tambah_user()
 7 SYSTEMPATH\CodeIgniter.php(492): CodeIgniter\CodeIgniter->runController(Object(App\Controllers\Home))
 8 SYSTEMPATH\CodeIgniter.php(353): CodeIgniter\CodeIgniter->handleRequest(null, Object(Config\Cache), false)
 9 FCPATH\index.php(79): CodeIgniter\CodeIgniter->run()
10 SYSTEMPATH\Commands\Server\rewrite.php(47): require_once('C:\\ari\\public\\index.php')
CRITICAL - 2023-10-16 04:29:17 --> Undefined variable $satu
in APPPATH\Views\tambahusera.php on line 21.
 1 APPPATH\Views\tambahusera.php(21): CodeIgniter\Debug\Exceptions->errorHandler(2, 'Undefined variable $satu', 'C:\\ari\\app\\Views\\tambahusera.php', 21)
 2 SYSTEMPATH\View\View.php(226): include('C:\\ari\\app\\Views\\tambahusera.php')
 3 SYSTEMPATH\View\View.php(229): CodeIgniter\View\View->CodeIgniter\View\{closure}()
 4 SYSTEMPATH\Common.php(1178): CodeIgniter\View\View->render('tambahusera', [], true)
 5 APPPATH\Controllers\Home.php(347): view('tambahusera')
 6 SYSTEMPATH\CodeIgniter.php(915): App\Controllers\Home->tambah_user()
 7 SYSTEMPATH\CodeIgniter.php(492): CodeIgniter\CodeIgniter->runController(Object(App\Controllers\Home))
 8 SYSTEMPATH\CodeIgniter.php(353): CodeIgniter\CodeIgniter->handleRequest(null, Object(Config\Cache), false)
 9 FCPATH\index.php(79): CodeIgniter\CodeIgniter->run()
10 SYSTEMPATH\Commands\Server\rewrite.php(47): require_once('C:\\ari\\public\\index.php')
CRITICAL - 2023-10-16 04:29:17 --> Undefined variable $satu
in APPPATH\Views\tambahusera.php on line 21.
 1 APPPATH\Views\tambahusera.php(21): CodeIgniter\Debug\Exceptions->errorHandler(2, 'Undefined variable $satu', 'C:\\ari\\app\\Views\\tambahusera.php', 21)
 2 SYSTEMPATH\View\View.php(226): include('C:\\ari\\app\\Views\\tambahusera.php')
 3 SYSTEMPATH\View\View.php(229): CodeIgniter\View\View->CodeIgniter\View\{closure}()
 4 SYSTEMPATH\Common.php(1178): CodeIgniter\View\View->render('tambahusera', [], true)
 5 APPPATH\Controllers\Home.php(347): view('tambahusera')
 6 SYSTEMPATH\CodeIgniter.php(915): App\Controllers\Home->tambah_user()
 7 SYSTEMPATH\CodeIgniter.php(492): CodeIgniter\CodeIgniter->runController(Object(App\Controllers\Home))
 8 SYSTEMPATH\CodeIgniter.php(353): CodeIgniter\CodeIgniter->handleRequest(null, Object(Config\Cache), false)
 9 FCPATH\index.php(79): CodeIgniter\CodeIgniter->run()
10 SYSTEMPATH\Commands\Server\rewrite.php(47): require_once('C:\\ari\\public\\index.php')
CRITICAL - 2023-10-16 04:29:17 --> Undefined variable $satu
in APPPATH\Views\tambahusera.php on line 21.
 1 APPPATH\Views\tambahusera.php(21): CodeIgniter\Debug\Exceptions->errorHandler(2, 'Undefined variable $satu', 'C:\\ari\\app\\Views\\tambahusera.php', 21)
 2 SYSTEMPATH\View\View.php(226): include('C:\\ari\\app\\Views\\tambahusera.php')
 3 SYSTEMPATH\View\View.php(229): CodeIgniter\View\View->CodeIgniter\View\{closure}()
 4 SYSTEMPATH\Common.php(1178): CodeIgniter\View\View->render('tambahusera', [], true)
 5 APPPATH\Controllers\Home.php(347): view('tambahusera')
 6 SYSTEMPATH\CodeIgniter.php(915): App\Controllers\Home->tambah_user()
 7 SYSTEMPATH\CodeIgniter.php(492): CodeIgniter\CodeIgniter->runController(Object(App\Controllers\Home))
 8 SYSTEMPATH\CodeIgniter.php(353): CodeIgniter\CodeIgniter->handleRequest(null, Object(Config\Cache), false)
 9 FCPATH\index.php(79): CodeIgniter\CodeIgniter->run()
10 SYSTEMPATH\Commands\Server\rewrite.php(47): require_once('C:\\ari\\public\\index.php')
CRITICAL - 2023-10-16 04:29:22 --> Undefined variable $satu
in APPPATH\Views\tambahusera.php on line 21.
 1 APPPATH\Views\tambahusera.php(21): CodeIgniter\Debug\Exceptions->errorHandler(2, 'Undefined variable $satu', 'C:\\ari\\app\\Views\\tambahusera.php', 21)
 2 SYSTEMPATH\View\View.php(226): include('C:\\ari\\app\\Views\\tambahusera.php')
 3 SYSTEMPATH\View\View.php(229): CodeIgniter\View\View->CodeIgniter\View\{closure}()
 4 SYSTEMPATH\Common.php(1178): CodeIgniter\View\View->render('tambahusera', [], true)
 5 APPPATH\Controllers\Home.php(347): view('tambahusera')
 6 SYSTEMPATH\CodeIgniter.php(915): App\Controllers\Home->tambah_user()
 7 SYSTEMPATH\CodeIgniter.php(492): CodeIgniter\CodeIgniter->runController(Object(App\Controllers\Home))
 8 SYSTEMPATH\CodeIgniter.php(353): CodeIgniter\CodeIgniter->handleRequest(null, Object(Config\Cache), false)
 9 FCPATH\index.php(79): CodeIgniter\CodeIgniter->run()
10 SYSTEMPATH\Commands\Server\rewrite.php(47): require_once('C:\\ari\\public\\index.php')
CRITICAL - 2023-10-16 04:29:47 --> Undefined variable $satu
in APPPATH\Views\tambahusera.php on line 84.
 1 APPPATH\Views\tambahusera.php(84): CodeIgniter\Debug\Exceptions->errorHandler(2, 'Undefined variable $satu', 'C:\\ari\\app\\Views\\tambahusera.php', 84)
 2 SYSTEMPATH\View\View.php(226): include('C:\\ari\\app\\Views\\tambahusera.php')
 3 SYSTEMPATH\View\View.php(229): CodeIgniter\View\View->CodeIgniter\View\{closure}()
 4 SYSTEMPATH\Common.php(1178): CodeIgniter\View\View->render('tambahusera', [], true)
 5 APPPATH\Controllers\Home.php(347): view('tambahusera')
 6 SYSTEMPATH\CodeIgniter.php(915): App\Controllers\Home->tambah_user()
 7 SYSTEMPATH\CodeIgniter.php(492): CodeIgniter\CodeIgniter->runController(Object(App\Controllers\Home))
 8 SYSTEMPATH\CodeIgniter.php(353): CodeIgniter\CodeIgniter->handleRequest(null, Object(Config\Cache), false)
 9 FCPATH\index.php(79): CodeIgniter\CodeIgniter->run()
10 SYSTEMPATH\Commands\Server\rewrite.php(47): require_once('C:\\ari\\public\\index.php')
CRITICAL - 2023-10-16 04:32:03 --> syntax error, unexpected token "{", expecting "("
in APPPATH\Views\tambahusera.php on line 86.
 1 SYSTEMPATH\View\View.php(229): CodeIgniter\View\View->CodeIgniter\View\{closure}()
 2 SYSTEMPATH\Common.php(1178): CodeIgniter\View\View->render('tambahusera', [], true)
 3 APPPATH\Controllers\Home.php(347): view('tambahusera')
 4 SYSTEMPATH\CodeIgniter.php(915): App\Controllers\Home->tambah_user()
 5 SYSTEMPATH\CodeIgniter.php(492): CodeIgniter\CodeIgniter->runController(Object(App\Controllers\Home))
 6 SYSTEMPATH\CodeIgniter.php(353): CodeIgniter\CodeIgniter->handleRequest(null, Object(Config\Cache), false)
 7 FCPATH\index.php(79): CodeIgniter\CodeIgniter->run()
 8 SYSTEMPATH\Commands\Server\rewrite.php(47): require_once('C:\\ari\\public\\index.php')
CRITICAL - 2023-10-16 04:33:04 --> syntax error, unexpected token "{", expecting "("
in APPPATH\Views\tambahusera.php on line 86.
 1 SYSTEMPATH\View\View.php(229): CodeIgniter\View\View->CodeIgniter\View\{closure}()
 2 SYSTEMPATH\Common.php(1178): CodeIgniter\View\View->render('tambahusera', [], true)
 3 APPPATH\Controllers\Home.php(347): view('tambahusera')
 4 SYSTEMPATH\CodeIgniter.php(915): App\Controllers\Home->tambah_user()
 5 SYSTEMPATH\CodeIgniter.php(492): CodeIgniter\CodeIgniter->runController(Object(App\Controllers\Home))
 6 SYSTEMPATH\CodeIgniter.php(353): CodeIgniter\CodeIgniter->handleRequest(null, Object(Config\Cache), false)
 7 FCPATH\index.php(79): CodeIgniter\CodeIgniter->run()
 8 SYSTEMPATH\Commands\Server\rewrite.php(47): require_once('C:\\ari\\public\\index.php')
CRITICAL - 2023-10-16 04:37:31 --> syntax error, unexpected token ")"
in APPPATH\Views\tambahusera.php on line 86.
 1 SYSTEMPATH\View\View.php(229): CodeIgniter\View\View->CodeIgniter\View\{closure}()
 2 SYSTEMPATH\Common.php(1178): CodeIgniter\View\View->render('tambahusera', [], true)
 3 APPPATH\Controllers\Home.php(347): view('tambahusera')
 4 SYSTEMPATH\CodeIgniter.php(915): App\Controllers\Home->tambah_user()
 5 SYSTEMPATH\CodeIgniter.php(492): CodeIgniter\CodeIgniter->runController(Object(App\Controllers\Home))
 6 SYSTEMPATH\CodeIgniter.php(353): CodeIgniter\CodeIgniter->handleRequest(null, Object(Config\Cache), false)
 7 FCPATH\index.php(79): CodeIgniter\CodeIgniter->run()
 8 SYSTEMPATH\Commands\Server\rewrite.php(47): require_once('C:\\ari\\public\\index.php')
CRITICAL - 2023-10-16 04:39:58 --> syntax error, unexpected token "<", expecting end of file
in APPPATH\Views\tambahusera.php on line 94.
 1 SYSTEMPATH\View\View.php(229): CodeIgniter\View\View->CodeIgniter\View\{closure}()
 2 SYSTEMPATH\Common.php(1178): CodeIgniter\View\View->render('tambahusera', [], true)
 3 APPPATH\Controllers\Home.php(347): view('tambahusera')
 4 SYSTEMPATH\CodeIgniter.php(915): App\Controllers\Home->tambah_user()
 5 SYSTEMPATH\CodeIgniter.php(492): CodeIgniter\CodeIgniter->runController(Object(App\Controllers\Home))
 6 SYSTEMPATH\CodeIgniter.php(353): CodeIgniter\CodeIgniter->handleRequest(null, Object(Config\Cache), false)
 7 FCPATH\index.php(79): CodeIgniter\CodeIgniter->run()
 8 SYSTEMPATH\Commands\Server\rewrite.php(47): require_once('C:\\ari\\public\\index.php')
CRITICAL - 2023-10-16 04:41:32 --> syntax error, unexpected token ")"
in APPPATH\Views\tambahusera.php on line 86.
 1 SYSTEMPATH\View\View.php(229): CodeIgniter\View\View->CodeIgniter\View\{closure}()
 2 SYSTEMPATH\Common.php(1178): CodeIgniter\View\View->render('tambahusera', [], true)
 3 APPPATH\Controllers\Home.php(347): view('tambahusera')
 4 SYSTEMPATH\CodeIgniter.php(915): App\Controllers\Home->tambah_user()
 5 SYSTEMPATH\CodeIgniter.php(492): CodeIgniter\CodeIgniter->runController(Object(App\Controllers\Home))
 6 SYSTEMPATH\CodeIgniter.php(353): CodeIgniter\CodeIgniter->handleRequest(null, Object(Config\Cache), false)
 7 FCPATH\index.php(79): CodeIgniter\CodeIgniter->run()
 8 SYSTEMPATH\Commands\Server\rewrite.php(47): require_once('C:\\ari\\public\\index.php')
CRITICAL - 2023-10-16 04:43:37 --> syntax error, unexpected token ")"
in APPPATH\Views\tambahusera.php on line 86.
 1 SYSTEMPATH\View\View.php(229): CodeIgniter\View\View->CodeIgniter\View\{closure}()
 2 SYSTEMPATH\Common.php(1178): CodeIgniter\View\View->render('tambahusera', [], true)
 3 APPPATH\Controllers\Home.php(347): view('tambahusera')
 4 SYSTEMPATH\CodeIgniter.php(915): App\Controllers\Home->tambah_user()
 5 SYSTEMPATH\CodeIgniter.php(492): CodeIgniter\CodeIgniter->runController(Object(App\Controllers\Home))
 6 SYSTEMPATH\CodeIgniter.php(353): CodeIgniter\CodeIgniter->handleRequest(null, Object(Config\Cache), false)
 7 FCPATH\index.php(79): CodeIgniter\CodeIgniter->run()
 8 SYSTEMPATH\Commands\Server\rewrite.php(47): require_once('C:\\ari\\public\\index.php')
CRITICAL - 2023-10-16 04:44:33 --> syntax error, unexpected token ")"
in APPPATH\Views\tambahusera.php on line 86.
 1 SYSTEMPATH\View\View.php(229): CodeIgniter\View\View->CodeIgniter\View\{closure}()
 2 SYSTEMPATH\Common.php(1178): CodeIgniter\View\View->render('tambahusera', [], true)
 3 APPPATH\Controllers\Home.php(347): view('tambahusera')
 4 SYSTEMPATH\CodeIgniter.php(915): App\Controllers\Home->tambah_user()
 5 SYSTEMPATH\CodeIgniter.php(492): CodeIgniter\CodeIgniter->runController(Object(App\Controllers\Home))
 6 SYSTEMPATH\CodeIgniter.php(353): CodeIgniter\CodeIgniter->handleRequest(null, Object(Config\Cache), false)
 7 FCPATH\index.php(79): CodeIgniter\CodeIgniter->run()
 8 SYSTEMPATH\Commands\Server\rewrite.php(47): require_once('C:\\ari\\public\\index.php')
CRITICAL - 2023-10-16 04:44:33 --> syntax error, unexpected token ")"
in APPPATH\Views\tambahusera.php on line 86.
 1 SYSTEMPATH\View\View.php(229): CodeIgniter\View\View->CodeIgniter\View\{closure}()
 2 SYSTEMPATH\Common.php(1178): CodeIgniter\View\View->render('tambahusera', [], true)
 3 APPPATH\Controllers\Home.php(347): view('tambahusera')
 4 SYSTEMPATH\CodeIgniter.php(915): App\Controllers\Home->tambah_user()
 5 SYSTEMPATH\CodeIgniter.php(492): CodeIgniter\CodeIgniter->runController(Object(App\Controllers\Home))
 6 SYSTEMPATH\CodeIgniter.php(353): CodeIgniter\CodeIgniter->handleRequest(null, Object(Config\Cache), false)
 7 FCPATH\index.php(79): CodeIgniter\CodeIgniter->run()
 8 SYSTEMPATH\Commands\Server\rewrite.php(47): require_once('C:\\ari\\public\\index.php')
CRITICAL - 2023-10-16 04:44:34 --> syntax error, unexpected token ")"
in APPPATH\Views\tambahusera.php on line 86.
 1 SYSTEMPATH\View\View.php(229): CodeIgniter\View\View->CodeIgniter\View\{closure}()
 2 SYSTEMPATH\Common.php(1178): CodeIgniter\View\View->render('tambahusera', [], true)
 3 APPPATH\Controllers\Home.php(347): view('tambahusera')
 4 SYSTEMPATH\CodeIgniter.php(915): App\Controllers\Home->tambah_user()
 5 SYSTEMPATH\CodeIgniter.php(492): CodeIgniter\CodeIgniter->runController(Object(App\Controllers\Home))
 6 SYSTEMPATH\CodeIgniter.php(353): CodeIgniter\CodeIgniter->handleRequest(null, Object(Config\Cache), false)
 7 FCPATH\index.php(79): CodeIgniter\CodeIgniter->run()
 8 SYSTEMPATH\Commands\Server\rewrite.php(47): require_once('C:\\ari\\public\\index.php')
CRITICAL - 2023-10-16 04:44:34 --> syntax error, unexpected token ")"
in APPPATH\Views\tambahusera.php on line 86.
 1 SYSTEMPATH\View\View.php(229): CodeIgniter\View\View->CodeIgniter\View\{closure}()
 2 SYSTEMPATH\Common.php(1178): CodeIgniter\View\View->render('tambahusera', [], true)
 3 APPPATH\Controllers\Home.php(347): view('tambahusera')
 4 SYSTEMPATH\CodeIgniter.php(915): App\Controllers\Home->tambah_user()
 5 SYSTEMPATH\CodeIgniter.php(492): CodeIgniter\CodeIgniter->runController(Object(App\Controllers\Home))
 6 SYSTEMPATH\CodeIgniter.php(353): CodeIgniter\CodeIgniter->handleRequest(null, Object(Config\Cache), false)
 7 FCPATH\index.php(79): CodeIgniter\CodeIgniter->run()
 8 SYSTEMPATH\Commands\Server\rewrite.php(47): require_once('C:\\ari\\public\\index.php')
CRITICAL - 2023-10-16 04:47:10 --> Undefined variable $erwin
in APPPATH\Views\tambahusera.php on line 86.
 1 APPPATH\Views\tambahusera.php(86): CodeIgniter\Debug\Exceptions->errorHandler(2, 'Undefined variable $erwin', 'C:\\ari\\app\\Views\\tambahusera.php', 86)
 2 SYSTEMPATH\View\View.php(226): include('C:\\ari\\app\\Views\\tambahusera.php')
 3 SYSTEMPATH\View\View.php(229): CodeIgniter\View\View->CodeIgniter\View\{closure}()
 4 SYSTEMPATH\Common.php(1178): CodeIgniter\View\View->render('tambahusera', [], true)
 5 APPPATH\Controllers\Home.php(347): view('tambahusera')
 6 SYSTEMPATH\CodeIgniter.php(915): App\Controllers\Home->tambah_user()
 7 SYSTEMPATH\CodeIgniter.php(492): CodeIgniter\CodeIgniter->runController(Object(App\Controllers\Home))
 8 SYSTEMPATH\CodeIgniter.php(353): CodeIgniter\CodeIgniter->handleRequest(null, Object(Config\Cache), false)
 9 FCPATH\index.php(79): CodeIgniter\CodeIgniter->run()
10 SYSTEMPATH\Commands\Server\rewrite.php(47): require_once('C:\\ari\\public\\index.php')
CRITICAL - 2023-10-16 04:48:21 --> Undefined variable $manda
in APPPATH\Views\tambahusera.php on line 86.
 1 APPPATH\Views\tambahusera.php(86): CodeIgniter\Debug\Exceptions->errorHandler(2, 'Undefined variable $manda', 'C:\\ari\\app\\Views\\tambahusera.php', 86)
 2 SYSTEMPATH\View\View.php(226): include('C:\\ari\\app\\Views\\tambahusera.php')
 3 SYSTEMPATH\View\View.php(229): CodeIgniter\View\View->CodeIgniter\View\{closure}()
 4 SYSTEMPATH\Common.php(1178): CodeIgniter\View\View->render('tambahusera', [], true)
 5 APPPATH\Controllers\Home.php(347): view('tambahusera')
 6 SYSTEMPATH\CodeIgniter.php(915): App\Controllers\Home->tambah_user()
 7 SYSTEMPATH\CodeIgniter.php(492): CodeIgniter\CodeIgniter->runController(Object(App\Controllers\Home))
 8 SYSTEMPATH\CodeIgniter.php(353): CodeIgniter\CodeIgniter->handleRequest(null, Object(Config\Cache), false)
 9 FCPATH\index.php(79): CodeIgniter\CodeIgniter->run()
10 SYSTEMPATH\Commands\Server\rewrite.php(47): require_once('C:\\ari\\public\\index.php')
CRITICAL - 2023-10-16 04:48:33 --> Undefined variable $id
in APPPATH\Views\tambahusera.php on line 86.
 1 APPPATH\Views\tambahusera.php(86): CodeIgniter\Debug\Exceptions->errorHandler(2, 'Undefined variable $id', 'C:\\ari\\app\\Views\\tambahusera.php', 86)
 2 SYSTEMPATH\View\View.php(226): include('C:\\ari\\app\\Views\\tambahusera.php')
 3 SYSTEMPATH\View\View.php(229): CodeIgniter\View\View->CodeIgniter\View\{closure}()
 4 SYSTEMPATH\Common.php(1178): CodeIgniter\View\View->render('tambahusera', [], true)
 5 APPPATH\Controllers\Home.php(347): view('tambahusera')
 6 SYSTEMPATH\CodeIgniter.php(915): App\Controllers\Home->tambah_user()
 7 SYSTEMPATH\CodeIgniter.php(492): CodeIgniter\CodeIgniter->runController(Object(App\Controllers\Home))
 8 SYSTEMPATH\CodeIgniter.php(353): CodeIgniter\CodeIgniter->handleRequest(null, Object(Config\Cache), false)
 9 FCPATH\index.php(79): CodeIgniter\CodeIgniter->run()
10 SYSTEMPATH\Commands\Server\rewrite.php(47): require_once('C:\\ari\\public\\index.php')
CRITICAL - 2023-10-16 04:51:23 --> Undefined variable $id
in APPPATH\Views\tambahusera.php on line 86.
 1 APPPATH\Views\tambahusera.php(86): CodeIgniter\Debug\Exceptions->errorHandler(2, 'Undefined variable $id', 'C:\\ari\\app\\Views\\tambahusera.php', 86)
 2 SYSTEMPATH\View\View.php(226): include('C:\\ari\\app\\Views\\tambahusera.php')
 3 SYSTEMPATH\View\View.php(229): CodeIgniter\View\View->CodeIgniter\View\{closure}()
 4 SYSTEMPATH\Common.php(1178): CodeIgniter\View\View->render('tambahusera', [], true)
 5 APPPATH\Controllers\Home.php(347): view('tambahusera')
 6 SYSTEMPATH\CodeIgniter.php(915): App\Controllers\Home->tambah_user()
 7 SYSTEMPATH\CodeIgniter.php(492): CodeIgniter\CodeIgniter->runController(Object(App\Controllers\Home))
 8 SYSTEMPATH\CodeIgniter.php(353): CodeIgniter\CodeIgniter->handleRequest(null, Object(Config\Cache), false)
 9 FCPATH\index.php(79): CodeIgniter\CodeIgniter->run()
10 SYSTEMPATH\Commands\Server\rewrite.php(47): require_once('C:\\ari\\public\\index.php')
CRITICAL - 2023-10-16 04:51:54 --> Too few arguments to function App\Controllers\Home::tambah_user(), 0 passed in C:\ari\system\CodeIgniter.php on line 915 and exactly 1 expected
in APPPATH\Controllers\Home.php on line 339.
 1 SYSTEMPATH\CodeIgniter.php(915): App\Controllers\Home->tambah_user()
 2 SYSTEMPATH\CodeIgniter.php(492): CodeIgniter\CodeIgniter->runController(Object(App\Controllers\Home))
 3 SYSTEMPATH\CodeIgniter.php(353): CodeIgniter\CodeIgniter->handleRequest(null, Object(Config\Cache), false)
 4 FCPATH\index.php(79): CodeIgniter\CodeIgniter->run()
 5 SYSTEMPATH\Commands\Server\rewrite.php(47): require_once('C:\\ari\\public\\index.php')
CRITICAL - 2023-10-16 04:58:10 --> syntax error, unexpected token "->", expecting variable or "{" or "$"
in APPPATH\Views\tambahusera.php on line 86.
 1 SYSTEMPATH\View\View.php(229): CodeIgniter\View\View->CodeIgniter\View\{closure}()
 2 SYSTEMPATH\Common.php(1178): CodeIgniter\View\View->render('tambahusera', [], true)
 3 APPPATH\Controllers\Home.php(347): view('tambahusera')
 4 SYSTEMPATH\CodeIgniter.php(915): App\Controllers\Home->tambah_user()
 5 SYSTEMPATH\CodeIgniter.php(492): CodeIgniter\CodeIgniter->runController(Object(App\Controllers\Home))
 6 SYSTEMPATH\CodeIgniter.php(353): CodeIgniter\CodeIgniter->handleRequest(null, Object(Config\Cache), false)
 7 FCPATH\index.php(79): CodeIgniter\CodeIgniter->run()
 8 SYSTEMPATH\Commands\Server\rewrite.php(47): require_once('C:\\ari\\public\\index.php')
CRITICAL - 2023-10-16 04:58:11 --> syntax error, unexpected token "->", expecting variable or "{" or "$"
in APPPATH\Views\tambahusera.php on line 86.
 1 SYSTEMPATH\View\View.php(229): CodeIgniter\View\View->CodeIgniter\View\{closure}()
 2 SYSTEMPATH\Common.php(1178): CodeIgniter\View\View->render('tambahusera', [], true)
 3 APPPATH\Controllers\Home.php(347): view('tambahusera')
 4 SYSTEMPATH\CodeIgniter.php(915): App\Controllers\Home->tambah_user()
 5 SYSTEMPATH\CodeIgniter.php(492): CodeIgniter\CodeIgniter->runController(Object(App\Controllers\Home))
 6 SYSTEMPATH\CodeIgniter.php(353): CodeIgniter\CodeIgniter->handleRequest(null, Object(Config\Cache), false)
 7 FCPATH\index.php(79): CodeIgniter\CodeIgniter->run()
 8 SYSTEMPATH\Commands\Server\rewrite.php(47): require_once('C:\\ari\\public\\index.php')
CRITICAL - 2023-10-16 04:58:32 --> Undefined variable $erwin
in APPPATH\Views\tambahusera.php on line 86.
 1 APPPATH\Views\tambahusera.php(86): CodeIgniter\Debug\Exceptions->errorHandler(2, 'Undefined variable $erwin', 'C:\\ari\\app\\Views\\tambahusera.php', 86)
 2 SYSTEMPATH\View\View.php(226): include('C:\\ari\\app\\Views\\tambahusera.php')
 3 SYSTEMPATH\View\View.php(229): CodeIgniter\View\View->CodeIgniter\View\{closure}()
 4 SYSTEMPATH\Common.php(1178): CodeIgniter\View\View->render('tambahusera', [], true)
 5 APPPATH\Controllers\Home.php(347): view('tambahusera')
 6 SYSTEMPATH\CodeIgniter.php(915): App\Controllers\Home->tambah_user()
 7 SYSTEMPATH\CodeIgniter.php(492): CodeIgniter\CodeIgniter->runController(Object(App\Controllers\Home))
 8 SYSTEMPATH\CodeIgniter.php(353): CodeIgniter\CodeIgniter->handleRequest(null, Object(Config\Cache), false)
 9 FCPATH\index.php(79): CodeIgniter\CodeIgniter->run()
10 SYSTEMPATH\Commands\Server\rewrite.php(47): require_once('C:\\ari\\public\\index.php')
CRITICAL - 2023-10-16 04:58:33 --> Undefined variable $erwin
in APPPATH\Views\tambahusera.php on line 86.
 1 APPPATH\Views\tambahusera.php(86): CodeIgniter\Debug\Exceptions->errorHandler(2, 'Undefined variable $erwin', 'C:\\ari\\app\\Views\\tambahusera.php', 86)
 2 SYSTEMPATH\View\View.php(226): include('C:\\ari\\app\\Views\\tambahusera.php')
 3 SYSTEMPATH\View\View.php(229): CodeIgniter\View\View->CodeIgniter\View\{closure}()
 4 SYSTEMPATH\Common.php(1178): CodeIgniter\View\View->render('tambahusera', [], true)
 5 APPPATH\Controllers\Home.php(347): view('tambahusera')
 6 SYSTEMPATH\CodeIgniter.php(915): App\Controllers\Home->tambah_user()
 7 SYSTEMPATH\CodeIgniter.php(492): CodeIgniter\CodeIgniter->runController(Object(App\Controllers\Home))
 8 SYSTEMPATH\CodeIgniter.php(353): CodeIgniter\CodeIgniter->handleRequest(null, Object(Config\Cache), false)
 9 FCPATH\index.php(79): CodeIgniter\CodeIgniter->run()
10 SYSTEMPATH\Commands\Server\rewrite.php(47): require_once('C:\\ari\\public\\index.php')
CRITICAL - 2023-10-16 04:58:34 --> Undefined variable $erwin
in APPPATH\Views\tambahusera.php on line 86.
 1 APPPATH\Views\tambahusera.php(86): CodeIgniter\Debug\Exceptions->errorHandler(2, 'Undefined variable $erwin', 'C:\\ari\\app\\Views\\tambahusera.php', 86)
 2 SYSTEMPATH\View\View.php(226): include('C:\\ari\\app\\Views\\tambahusera.php')
 3 SYSTEMPATH\View\View.php(229): CodeIgniter\View\View->CodeIgniter\View\{closure}()
 4 SYSTEMPATH\Common.php(1178): CodeIgniter\View\View->render('tambahusera', [], true)
 5 APPPATH\Controllers\Home.php(347): view('tambahusera')
 6 SYSTEMPATH\CodeIgniter.php(915): App\Controllers\Home->tambah_user()
 7 SYSTEMPATH\CodeIgniter.php(492): CodeIgniter\CodeIgniter->runController(Object(App\Controllers\Home))
 8 SYSTEMPATH\CodeIgniter.php(353): CodeIgniter\CodeIgniter->handleRequest(null, Object(Config\Cache), false)
 9 FCPATH\index.php(79): CodeIgniter\CodeIgniter->run()
10 SYSTEMPATH\Commands\Server\rewrite.php(47): require_once('C:\\ari\\public\\index.php')
CRITICAL - 2023-10-16 04:58:50 --> Undefined variable $t
in APPPATH\Views\tambahusera.php on line 127.
 1 APPPATH\Views\tambahusera.php(127): CodeIgniter\Debug\Exceptions->errorHandler(2, 'Undefined variable $t', 'C:\\ari\\app\\Views\\tambahusera.php', 127)
 2 SYSTEMPATH\View\View.php(226): include('C:\\ari\\app\\Views\\tambahusera.php')
 3 SYSTEMPATH\View\View.php(229): CodeIgniter\View\View->CodeIgniter\View\{closure}()
 4 SYSTEMPATH\Common.php(1178): CodeIgniter\View\View->render('tambahusera', [], true)
 5 APPPATH\Controllers\Home.php(347): view('tambahusera')
 6 SYSTEMPATH\CodeIgniter.php(915): App\Controllers\Home->tambah_user()
 7 SYSTEMPATH\CodeIgniter.php(492): CodeIgniter\CodeIgniter->runController(Object(App\Controllers\Home))
 8 SYSTEMPATH\CodeIgniter.php(353): CodeIgniter\CodeIgniter->handleRequest(null, Object(Config\Cache), false)
 9 FCPATH\index.php(79): CodeIgniter\CodeIgniter->run()
10 SYSTEMPATH\Commands\Server\rewrite.php(47): require_once('C:\\ari\\public\\index.php')
CRITICAL - 2023-10-16 04:59:30 --> Undefined variable $manda
in APPPATH\Views\tambahusera.php on line 127.
 1 APPPATH\Views\tambahusera.php(127): CodeIgniter\Debug\Exceptions->errorHandler(2, 'Undefined variable $manda', 'C:\\ari\\app\\Views\\tambahusera.php', 127)
 2 SYSTEMPATH\View\View.php(226): include('C:\\ari\\app\\Views\\tambahusera.php')
 3 SYSTEMPATH\View\View.php(229): CodeIgniter\View\View->CodeIgniter\View\{closure}()
 4 SYSTEMPATH\Common.php(1178): CodeIgniter\View\View->render('tambahusera', [], true)
 5 APPPATH\Controllers\Home.php(347): view('tambahusera')
 6 SYSTEMPATH\CodeIgniter.php(915): App\Controllers\Home->tambah_user()
 7 SYSTEMPATH\CodeIgniter.php(492): CodeIgniter\CodeIgniter->runController(Object(App\Controllers\Home))
 8 SYSTEMPATH\CodeIgniter.php(353): CodeIgniter\CodeIgniter->handleRequest(null, Object(Config\Cache), false)
 9 FCPATH\index.php(79): CodeIgniter\CodeIgniter->run()
10 SYSTEMPATH\Commands\Server\rewrite.php(47): require_once('C:\\ari\\public\\index.php')
CRITICAL - 2023-10-16 04:59:45 --> Attempt to read property "id_agama" on string
in APPPATH\Views\tambahusera.php on line 129.
 1 APPPATH\Views\tambahusera.php(129): CodeIgniter\Debug\Exceptions->errorHandler(2, 'Attempt to read property "id_agama" on string', 'C:\\ari\\app\\Views\\tambahusera.php', 129)
 2 SYSTEMPATH\View\View.php(226): include('C:\\ari\\app\\Views\\tambahusera.php')
 3 SYSTEMPATH\View\View.php(229): CodeIgniter\View\View->CodeIgniter\View\{closure}()
 4 SYSTEMPATH\Common.php(1178): CodeIgniter\View\View->render('tambahusera', [], true)
 5 APPPATH\Controllers\Home.php(347): view('tambahusera')
 6 SYSTEMPATH\CodeIgniter.php(915): App\Controllers\Home->tambah_user()
 7 SYSTEMPATH\CodeIgniter.php(492): CodeIgniter\CodeIgniter->runController(Object(App\Controllers\Home))
 8 SYSTEMPATH\CodeIgniter.php(353): CodeIgniter\CodeIgniter->handleRequest(null, Object(Config\Cache), false)
 9 FCPATH\index.php(79): CodeIgniter\CodeIgniter->run()
10 SYSTEMPATH\Commands\Server\rewrite.php(47): require_once('C:\\ari\\public\\index.php')
CRITICAL - 2023-10-16 04:59:47 --> Attempt to read property "id_agama" on string
in APPPATH\Views\tambahusera.php on line 129.
 1 APPPATH\Views\tambahusera.php(129): CodeIgniter\Debug\Exceptions->errorHandler(2, 'Attempt to read property "id_agama" on string', 'C:\\ari\\app\\Views\\tambahusera.php', 129)
 2 SYSTEMPATH\View\View.php(226): include('C:\\ari\\app\\Views\\tambahusera.php')
 3 SYSTEMPATH\View\View.php(229): CodeIgniter\View\View->CodeIgniter\View\{closure}()
 4 SYSTEMPATH\Common.php(1178): CodeIgniter\View\View->render('tambahusera', [], true)
 5 APPPATH\Controllers\Home.php(347): view('tambahusera')
 6 SYSTEMPATH\CodeIgniter.php(915): App\Controllers\Home->tambah_user()
 7 SYSTEMPATH\CodeIgniter.php(492): CodeIgniter\CodeIgniter->runController(Object(App\Controllers\Home))
 8 SYSTEMPATH\CodeIgniter.php(353): CodeIgniter\CodeIgniter->handleRequest(null, Object(Config\Cache), false)
 9 FCPATH\index.php(79): CodeIgniter\CodeIgniter->run()
10 SYSTEMPATH\Commands\Server\rewrite.php(47): require_once('C:\\ari\\public\\index.php')
CRITICAL - 2023-10-16 05:01:34 --> Undefined variable $manda
in APPPATH\Views\tambahusera.php on line 127.
 1 APPPATH\Views\tambahusera.php(127): CodeIgniter\Debug\Exceptions->errorHandler(2, 'Undefined variable $manda', 'C:\\ari\\app\\Views\\tambahusera.php', 127)
 2 SYSTEMPATH\View\View.php(226): include('C:\\ari\\app\\Views\\tambahusera.php')
 3 SYSTEMPATH\View\View.php(229): CodeIgniter\View\View->CodeIgniter\View\{closure}()
 4 SYSTEMPATH\Common.php(1178): CodeIgniter\View\View->render('tambahusera', [], true)
 5 APPPATH\Controllers\Home.php(347): view('tambahusera')
 6 SYSTEMPATH\CodeIgniter.php(915): App\Controllers\Home->tambah_user()
 7 SYSTEMPATH\CodeIgniter.php(492): CodeIgniter\CodeIgniter->runController(Object(App\Controllers\Home))
 8 SYSTEMPATH\CodeIgniter.php(353): CodeIgniter\CodeIgniter->handleRequest(null, Object(Config\Cache), false)
 9 FCPATH\index.php(79): CodeIgniter\CodeIgniter->run()
10 SYSTEMPATH\Commands\Server\rewrite.php(47): require_once('C:\\ari\\public\\index.php')
CRITICAL - 2023-10-16 05:04:11 --> Undefined variable $id
in APPPATH\Controllers\Home.php on line 343.
 1 APPPATH\Controllers\Home.php(343): CodeIgniter\Debug\Exceptions->errorHandler(2, 'Undefined variable $id', 'C:\\ari\\app\\Controllers\\Home.php', 343)
 2 SYSTEMPATH\CodeIgniter.php(915): App\Controllers\Home->tambah_user()
 3 SYSTEMPATH\CodeIgniter.php(492): CodeIgniter\CodeIgniter->runController(Object(App\Controllers\Home))
 4 SYSTEMPATH\CodeIgniter.php(353): CodeIgniter\CodeIgniter->handleRequest(null, Object(Config\Cache), false)
 5 FCPATH\index.php(79): CodeIgniter\CodeIgniter->run()
 6 SYSTEMPATH\Commands\Server\rewrite.php(47): require_once('C:\\ari\\public\\index.php')
CRITICAL - 2023-10-16 05:04:44 --> Too few arguments to function App\Controllers\Home::tambah_user(), 0 passed in C:\ari\system\CodeIgniter.php on line 915 and exactly 1 expected
in APPPATH\Controllers\Home.php on line 339.
 1 SYSTEMPATH\CodeIgniter.php(915): App\Controllers\Home->tambah_user()
 2 SYSTEMPATH\CodeIgniter.php(492): CodeIgniter\CodeIgniter->runController(Object(App\Controllers\Home))
 3 SYSTEMPATH\CodeIgniter.php(353): CodeIgniter\CodeIgniter->handleRequest(null, Object(Config\Cache), false)
 4 FCPATH\index.php(79): CodeIgniter\CodeIgniter->run()
 5 SYSTEMPATH\Commands\Server\rewrite.php(47): require_once('C:\\ari\\public\\index.php')
CRITICAL - 2023-10-16 05:05:27 --> Too few arguments to function App\Controllers\Home::tambah_user(), 0 passed in C:\ari\system\CodeIgniter.php on line 915 and exactly 1 expected
in APPPATH\Controllers\Home.php on line 339.
 1 SYSTEMPATH\CodeIgniter.php(915): App\Controllers\Home->tambah_user()
 2 SYSTEMPATH\CodeIgniter.php(492): CodeIgniter\CodeIgniter->runController(Object(App\Controllers\Home))
 3 SYSTEMPATH\CodeIgniter.php(353): CodeIgniter\CodeIgniter->handleRequest(null, Object(Config\Cache), false)
 4 FCPATH\index.php(79): CodeIgniter\CodeIgniter->run()
 5 SYSTEMPATH\Commands\Server\rewrite.php(47): require_once('C:\\ari\\public\\index.php')
CRITICAL - 2023-10-16 05:05:28 --> Too few arguments to function App\Controllers\Home::tambah_user(), 0 passed in C:\ari\system\CodeIgniter.php on line 915 and exactly 1 expected
in APPPATH\Controllers\Home.php on line 339.
 1 SYSTEMPATH\CodeIgniter.php(915): App\Controllers\Home->tambah_user()
 2 SYSTEMPATH\CodeIgniter.php(492): CodeIgniter\CodeIgniter->runController(Object(App\Controllers\Home))
 3 SYSTEMPATH\CodeIgniter.php(353): CodeIgniter\CodeIgniter->handleRequest(null, Object(Config\Cache), false)
 4 FCPATH\index.php(79): CodeIgniter\CodeIgniter->run()
 5 SYSTEMPATH\Commands\Server\rewrite.php(47): require_once('C:\\ari\\public\\index.php')
CRITICAL - 2023-10-16 05:07:02 --> Too few arguments to function App\Controllers\Home::tambah_user(), 0 passed in C:\ari\system\CodeIgniter.php on line 915 and exactly 1 expected
in APPPATH\Controllers\Home.php on line 339.
 1 SYSTEMPATH\CodeIgniter.php(915): App\Controllers\Home->tambah_user()
 2 SYSTEMPATH\CodeIgniter.php(492): CodeIgniter\CodeIgniter->runController(Object(App\Controllers\Home))
 3 SYSTEMPATH\CodeIgniter.php(353): CodeIgniter\CodeIgniter->handleRequest(null, Object(Config\Cache), false)
 4 FCPATH\index.php(79): CodeIgniter\CodeIgniter->run()
 5 SYSTEMPATH\Commands\Server\rewrite.php(47): require_once('C:\\ari\\public\\index.php')
CRITICAL - 2023-10-16 05:07:03 --> Too few arguments to function App\Controllers\Home::tambah_user(), 0 passed in C:\ari\system\CodeIgniter.php on line 915 and exactly 1 expected
in APPPATH\Controllers\Home.php on line 339.
 1 SYSTEMPATH\CodeIgniter.php(915): App\Controllers\Home->tambah_user()
 2 SYSTEMPATH\CodeIgniter.php(492): CodeIgniter\CodeIgniter->runController(Object(App\Controllers\Home))
 3 SYSTEMPATH\CodeIgniter.php(353): CodeIgniter\CodeIgniter->handleRequest(null, Object(Config\Cache), false)
 4 FCPATH\index.php(79): CodeIgniter\CodeIgniter->run()
 5 SYSTEMPATH\Commands\Server\rewrite.php(47): require_once('C:\\ari\\public\\index.php')
CRITICAL - 2023-10-16 05:07:03 --> Too few arguments to function App\Controllers\Home::tambah_user(), 0 passed in C:\ari\system\CodeIgniter.php on line 915 and exactly 1 expected
in APPPATH\Controllers\Home.php on line 339.
 1 SYSTEMPATH\CodeIgniter.php(915): App\Controllers\Home->tambah_user()
 2 SYSTEMPATH\CodeIgniter.php(492): CodeIgniter\CodeIgniter->runController(Object(App\Controllers\Home))
 3 SYSTEMPATH\CodeIgniter.php(353): CodeIgniter\CodeIgniter->handleRequest(null, Object(Config\Cache), false)
 4 FCPATH\index.php(79): CodeIgniter\CodeIgniter->run()
 5 SYSTEMPATH\Commands\Server\rewrite.php(47): require_once('C:\\ari\\public\\index.php')
CRITICAL - 2023-10-16 05:07:03 --> Too few arguments to function App\Controllers\Home::tambah_user(), 0 passed in C:\ari\system\CodeIgniter.php on line 915 and exactly 1 expected
in APPPATH\Controllers\Home.php on line 339.
 1 SYSTEMPATH\CodeIgniter.php(915): App\Controllers\Home->tambah_user()
 2 SYSTEMPATH\CodeIgniter.php(492): CodeIgniter\CodeIgniter->runController(Object(App\Controllers\Home))
 3 SYSTEMPATH\CodeIgniter.php(353): CodeIgniter\CodeIgniter->handleRequest(null, Object(Config\Cache), false)
 4 FCPATH\index.php(79): CodeIgniter\CodeIgniter->run()
 5 SYSTEMPATH\Commands\Server\rewrite.php(47): require_once('C:\\ari\\public\\index.php')
CRITICAL - 2023-10-16 05:07:59 --> Undefined property: stdClass::$nama_kry
in APPPATH\Views\edit_kry.php on line 28.
 1 APPPATH\Views\edit_kry.php(28): CodeIgniter\Debug\Exceptions->errorHandler(2, 'Undefined property: stdClass::$nama_kry', 'C:\\ari\\app\\Views\\edit_kry.php', 28)
 2 SYSTEMPATH\View\View.php(226): include('C:\\ari\\app\\Views\\edit_kry.php')
 3 SYSTEMPATH\View\View.php(229): CodeIgniter\View\View->CodeIgniter\View\{closure}()
 4 SYSTEMPATH\Common.php(1178): CodeIgniter\View\View->render('edit_kry', [], true)
 5 APPPATH\Controllers\Home.php(637): view('edit_kry', [...])
 6 SYSTEMPATH\CodeIgniter.php(915): App\Controllers\Home->edit_kry('7')
 7 SYSTEMPATH\CodeIgniter.php(492): CodeIgniter\CodeIgniter->runController(Object(App\Controllers\Home))
 8 SYSTEMPATH\CodeIgniter.php(353): CodeIgniter\CodeIgniter->handleRequest(null, Object(Config\Cache), false)
 9 FCPATH\index.php(79): CodeIgniter\CodeIgniter->run()
10 SYSTEMPATH\Commands\Server\rewrite.php(47): require_once('C:\\ari\\public\\index.php')
CRITICAL - 2023-10-16 05:11:37 --> Too few arguments to function App\Controllers\Home::tambahkry(), 0 passed in C:\ari\system\CodeIgniter.php on line 915 and exactly 1 expected
in APPPATH\Controllers\Home.php on line 610.
 1 SYSTEMPATH\CodeIgniter.php(915): App\Controllers\Home->tambahkry()
 2 SYSTEMPATH\CodeIgniter.php(492): CodeIgniter\CodeIgniter->runController(Object(App\Controllers\Home))
 3 SYSTEMPATH\CodeIgniter.php(353): CodeIgniter\CodeIgniter->handleRequest(null, Object(Config\Cache), false)
 4 FCPATH\index.php(79): CodeIgniter\CodeIgniter->run()
 5 SYSTEMPATH\Commands\Server\rewrite.php(47): require_once('C:\\ari\\public\\index.php')
CRITICAL - 2023-10-16 05:11:47 --> Too few arguments to function App\Controllers\Home::tambah_user(), 0 passed in C:\ari\system\CodeIgniter.php on line 915 and exactly 1 expected
in APPPATH\Controllers\Home.php on line 339.
 1 SYSTEMPATH\CodeIgniter.php(915): App\Controllers\Home->tambah_user()
 2 SYSTEMPATH\CodeIgniter.php(492): CodeIgniter\CodeIgniter->runController(Object(App\Controllers\Home))
 3 SYSTEMPATH\CodeIgniter.php(353): CodeIgniter\CodeIgniter->handleRequest(null, Object(Config\Cache), false)
 4 FCPATH\index.php(79): CodeIgniter\CodeIgniter->run()
 5 SYSTEMPATH\Commands\Server\rewrite.php(47): require_once('C:\\ari\\public\\index.php')
CRITICAL - 2023-10-16 05:12:59 --> Too few arguments to function App\Controllers\Home::aksi_t_user(), 0 passed in C:\ari\system\CodeIgniter.php on line 915 and exactly 1 expected
in APPPATH\Controllers\Home.php on line 355.
 1 SYSTEMPATH\CodeIgniter.php(915): App\Controllers\Home->aksi_t_user()
 2 SYSTEMPATH\CodeIgniter.php(492): CodeIgniter\CodeIgniter->runController(Object(App\Controllers\Home))
 3 SYSTEMPATH\CodeIgniter.php(353): CodeIgniter\CodeIgniter->handleRequest(null, Object(Config\Cache), false)
 4 FCPATH\index.php(79): CodeIgniter\CodeIgniter->run()
 5 SYSTEMPATH\Commands\Server\rewrite.php(47): require_once('C:\\ari\\public\\index.php')
CRITICAL - 2023-10-16 05:13:40 --> Undefined variable $id
in APPPATH\Controllers\Home.php on line 368.
 1 APPPATH\Controllers\Home.php(368): CodeIgniter\Debug\Exceptions->errorHandler(2, 'Undefined variable $id', 'C:\\ari\\app\\Controllers\\Home.php', 368)
 2 SYSTEMPATH\CodeIgniter.php(915): App\Controllers\Home->aksi_t_user()
 3 SYSTEMPATH\CodeIgniter.php(492): CodeIgniter\CodeIgniter->runController(Object(App\Controllers\Home))
 4 SYSTEMPATH\CodeIgniter.php(353): CodeIgniter\CodeIgniter->handleRequest(null, Object(Config\Cache), false)
 5 FCPATH\index.php(79): CodeIgniter\CodeIgniter->run()
 6 SYSTEMPATH\Commands\Server\rewrite.php(47): require_once('C:\\ari\\public\\index.php')
CRITICAL - 2023-10-16 05:13:52 --> Too few arguments to function App\Models\M_gudang::tambah(), 2 passed in C:\ari\app\Controllers\Home.php on line 368 and exactly 3 expected
in APPPATH\Models\M_gudang.php on line 43.
 1 APPPATH\Controllers\Home.php(368): App\Models\M_gudang->tambah('user', [...])
 2 SYSTEMPATH\CodeIgniter.php(915): App\Controllers\Home->aksi_t_user()
 3 SYSTEMPATH\CodeIgniter.php(492): CodeIgniter\CodeIgniter->runController(Object(App\Controllers\Home))
 4 SYSTEMPATH\CodeIgniter.php(353): CodeIgniter\CodeIgniter->handleRequest(null, Object(Config\Cache), false)
 5 FCPATH\index.php(79): CodeIgniter\CodeIgniter->run()
 6 SYSTEMPATH\Commands\Server\rewrite.php(47): require_once('C:\\ari\\public\\index.php')
CRITICAL - 2023-10-16 05:18:14 --> Too few arguments to function App\Controllers\Home::aksi_t_user(), 0 passed in C:\ari\system\CodeIgniter.php on line 915 and exactly 1 expected
in APPPATH\Controllers\Home.php on line 355.
 1 SYSTEMPATH\CodeIgniter.php(915): App\Controllers\Home->aksi_t_user()
 2 SYSTEMPATH\CodeIgniter.php(492): CodeIgniter\CodeIgniter->runController(Object(App\Controllers\Home))
 3 SYSTEMPATH\CodeIgniter.php(353): CodeIgniter\CodeIgniter->handleRequest(null, Object(Config\Cache), false)
 4 FCPATH\index.php(79): CodeIgniter\CodeIgniter->run()
 5 SYSTEMPATH\Commands\Server\rewrite.php(47): require_once('C:\\ari\\public\\index.php')
CRITICAL - 2023-10-16 05:18:52 --> Undefined variable $id
in APPPATH\Controllers\Home.php on line 368.
 1 APPPATH\Controllers\Home.php(368): CodeIgniter\Debug\Exceptions->errorHandler(2, 'Undefined variable $id', 'C:\\ari\\app\\Controllers\\Home.php', 368)
 2 SYSTEMPATH\CodeIgniter.php(915): App\Controllers\Home->aksi_t_user()
 3 SYSTEMPATH\CodeIgniter.php(492): CodeIgniter\CodeIgniter->runController(Object(App\Controllers\Home))
 4 SYSTEMPATH\CodeIgniter.php(353): CodeIgniter\CodeIgniter->handleRequest(null, Object(Config\Cache), false)
 5 FCPATH\index.php(79): CodeIgniter\CodeIgniter->run()
 6 SYSTEMPATH\Commands\Server\rewrite.php(47): require_once('C:\\ari\\public\\index.php')
CRITICAL - 2023-10-16 05:20:20 --> Undefined variable $model
in APPPATH\Controllers\Home.php on line 596.
 1 APPPATH\Controllers\Home.php(596): CodeIgniter\Debug\Exceptions->errorHandler(2, 'Undefined variable $model', 'C:\\ari\\app\\Controllers\\Home.php', 596)
 2 SYSTEMPATH\CodeIgniter.php(915): App\Controllers\Home->tambahkry()
 3 SYSTEMPATH\CodeIgniter.php(492): CodeIgniter\CodeIgniter->runController(Object(App\Controllers\Home))
 4 SYSTEMPATH\CodeIgniter.php(353): CodeIgniter\CodeIgniter->handleRequest(null, Object(Config\Cache), false)
 5 FCPATH\index.php(79): CodeIgniter\CodeIgniter->run()
 6 SYSTEMPATH\Commands\Server\rewrite.php(47): require_once('C:\\ari\\public\\index.php')
CRITICAL - 2023-10-16 05:20:38 --> Undefined variable $t
in APPPATH\Views\tambahkry.php on line 127.
 1 APPPATH\Views\tambahkry.php(127): CodeIgniter\Debug\Exceptions->errorHandler(2, 'Undefined variable $t', 'C:\\ari\\app\\Views\\tambahkry.php', 127)
 2 SYSTEMPATH\View\View.php(226): include('C:\\ari\\app\\Views\\tambahkry.php')
 3 SYSTEMPATH\View\View.php(229): CodeIgniter\View\View->CodeIgniter\View\{closure}()
 4 SYSTEMPATH\Common.php(1178): CodeIgniter\View\View->render('tambahkry', [], true)
 5 APPPATH\Controllers\Home.php(600): view('tambahkry')
 6 SYSTEMPATH\CodeIgniter.php(915): App\Controllers\Home->tambahkry()
 7 SYSTEMPATH\CodeIgniter.php(492): CodeIgniter\CodeIgniter->runController(Object(App\Controllers\Home))
 8 SYSTEMPATH\CodeIgniter.php(353): CodeIgniter\CodeIgniter->handleRequest(null, Object(Config\Cache), false)
 9 FCPATH\index.php(79): CodeIgniter\CodeIgniter->run()
10 SYSTEMPATH\Commands\Server\rewrite.php(47): require_once('C:\\ari\\public\\index.php')
CRITICAL - 2023-10-16 05:22:42 --> Too few arguments to function App\Models\M_gudang::tampil(), 1 passed in C:\ari\app\Controllers\Home.php on line 596 and exactly 2 expected
in APPPATH\Models\M_gudang.php on line 8.
 1 APPPATH\Controllers\Home.php(596): App\Models\M_gudang->tampil('agama')
 2 SYSTEMPATH\CodeIgniter.php(915): App\Controllers\Home->tambahkry()
 3 SYSTEMPATH\CodeIgniter.php(492): CodeIgniter\CodeIgniter->runController(Object(App\Controllers\Home))
 4 SYSTEMPATH\CodeIgniter.php(353): CodeIgniter\CodeIgniter->handleRequest(null, Object(Config\Cache), false)
 5 FCPATH\index.php(79): CodeIgniter\CodeIgniter->run()
 6 SYSTEMPATH\Commands\Server\rewrite.php(47): require_once('C:\\ari\\public\\index.php')
CRITICAL - 2023-10-16 05:30:52 --> syntax error, unexpected string content "home/karyawan);"
in APPPATH\Controllers\Home.php on line 635.
 1 SYSTEMPATH\Autoloader\Autoloader.php(285): CodeIgniter\Autoloader\Autoloader->includeFile('C:\\ari\\app\\Controllers\\Home.php')
 2 SYSTEMPATH\Autoloader\Autoloader.php(263): CodeIgniter\Autoloader\Autoloader->loadInNamespace('App\\Controllers\\Home')
 3 [internal function]: CodeIgniter\Autoloader\Autoloader->loadClass('App\\Controllers\\Home')
 4 SYSTEMPATH\CodeIgniter.php(873): class_exists('\\App\\Controllers\\Home', true)
 5 SYSTEMPATH\CodeIgniter.php(479): CodeIgniter\CodeIgniter->startController()
 6 SYSTEMPATH\CodeIgniter.php(353): CodeIgniter\CodeIgniter->handleRequest(null, Object(Config\Cache), false)
 7 FCPATH\index.php(79): CodeIgniter\CodeIgniter->run()
 8 SYSTEMPATH\Commands\Server\rewrite.php(47): require_once('C:\\ari\\public\\index.php')
CRITICAL - 2023-10-16 05:31:50 --> Too few arguments to function App\Models\M_gudang::edit(), 2 passed in C:\ari\app\Controllers\Home.php on line 633 and exactly 3 expected
in APPPATH\Models\M_gudang.php on line 48.
 1 APPPATH\Controllers\Home.php(633): App\Models\M_gudang->edit('karyawan', [...])
 2 SYSTEMPATH\CodeIgniter.php(915): App\Controllers\Home->aksi_t_kry()
 3 SYSTEMPATH\CodeIgniter.php(492): CodeIgniter\CodeIgniter->runController(Object(App\Controllers\Home))
 4 SYSTEMPATH\CodeIgniter.php(353): CodeIgniter\CodeIgniter->handleRequest(null, Object(Config\Cache), false)
 5 FCPATH\index.php(79): CodeIgniter\CodeIgniter->run()
 6 SYSTEMPATH\Commands\Server\rewrite.php(47): require_once('C:\\ari\\public\\index.php')
