CRITICAL - 2023-10-03 04:31:26 --> Undefined variable $where
in APPPATH\Controllers\Home.php on line 332.
 1 APPPATH\Controllers\Home.php(332): CodeIgniter\Debug\Exceptions->errorHandler(2, 'Undefined variable $where', 'C:\\ari\\app\\Controllers\\Home.php', 332)
 2 SYSTEMPATH\CodeIgniter.php(915): App\Controllers\Home->aksi_login()
 3 SYSTEMPATH\CodeIgniter.php(492): CodeIgniter\CodeIgniter->runController(Object(App\Controllers\Home))
 4 SYSTEMPATH\CodeIgniter.php(353): CodeIgniter\CodeIgniter->handleRequest(null, Object(Config\Cache), false)
 5 FCPATH\index.php(79): CodeIgniter\CodeIgniter->run()
 6 SYSTEMPATH\Commands\Server\rewrite.php(47): require_once('C:\\ari\\public\\index.php')
ERROR - 2023-10-03 04:31:49 --> mysqli_sql_exception: Unknown column 'password' in 'where clause' in C:\ari\system\Database\MySQLi\Connection.php:306
Stack trace:
#0 C:\ari\system\Database\MySQLi\Connection.php(306): mysqli->query('SELECT *\nFROM `...', 0)
#1 C:\ari\system\Database\BaseConnection.php(692): CodeIgniter\Database\MySQLi\Connection->execute('SELECT *\nFROM `...')
#2 C:\ari\system\Database\BaseConnection.php(606): CodeIgniter\Database\BaseConnection->simpleQuery('SELECT *\nFROM `...')
#3 C:\ari\system\Database\BaseBuilder.php(1749): CodeIgniter\Database\BaseConnection->query('SELECT *\nFROM `...', Array, false)
#4 C:\ari\app\Models\M_gudang.php(29): CodeIgniter\Database\BaseBuilder->getWhere(Array)
#5 C:\ari\app\Controllers\Home.php(332): App\Models\M_gudang->getWhere('user', Array)
#6 C:\ari\system\CodeIgniter.php(915): App\Controllers\Home->aksi_login()
#7 C:\ari\system\CodeIgniter.php(492): CodeIgniter\CodeIgniter->runController(Object(App\Controllers\Home))
#8 C:\ari\system\CodeIgniter.php(353): CodeIgniter\CodeIgniter->handleRequest(NULL, Object(Config\Cache), false)
#9 C:\ari\public\index.php(79): CodeIgniter\CodeIgniter->run()
#10 C:\ari\system\Commands\Server\rewrite.php(47): require_once('C:\\ari\\public\\i...')
#11 {main}
CRITICAL - 2023-10-03 04:31:49 --> Unknown column 'password' in 'where clause'
in SYSTEMPATH\Database\BaseConnection.php on line 646.
 1 SYSTEMPATH\Database\BaseBuilder.php(1749): CodeIgniter\Database\BaseConnection->query('SELECT *
FROM `user`
WHERE `username` = :username:
AND `password` = :password:', [...], false)
 2 APPPATH\Models\M_gudang.php(29): CodeIgniter\Database\BaseBuilder->getWhere([...])
 3 APPPATH\Controllers\Home.php(332): App\Models\M_gudang->getWhere('user', [...])
 4 SYSTEMPATH\CodeIgniter.php(915): App\Controllers\Home->aksi_login()
 5 SYSTEMPATH\CodeIgniter.php(492): CodeIgniter\CodeIgniter->runController(Object(App\Controllers\Home))
 6 SYSTEMPATH\CodeIgniter.php(353): CodeIgniter\CodeIgniter->handleRequest(null, Object(Config\Cache), false)
 7 FCPATH\index.php(79): CodeIgniter\CodeIgniter->run()
 8 SYSTEMPATH\Commands\Server\rewrite.php(47): require_once('C:\\ari\\public\\index.php')
CRITICAL - 2023-10-03 04:55:18 --> Undefined constant "App\Controllers\session"
in APPPATH\Controllers\Home.php on line 334.
 1 SYSTEMPATH\CodeIgniter.php(915): App\Controllers\Home->aksi_login()
 2 SYSTEMPATH\CodeIgniter.php(492): CodeIgniter\CodeIgniter->runController(Object(App\Controllers\Home))
 3 SYSTEMPATH\CodeIgniter.php(353): CodeIgniter\CodeIgniter->handleRequest(null, Object(Config\Cache), false)
 4 FCPATH\index.php(79): CodeIgniter\CodeIgniter->run()
 5 SYSTEMPATH\Commands\Server\rewrite.php(47): require_once('C:\\ari\\public\\index.php')
CRITICAL - 2023-10-03 04:55:18 --> Undefined constant "App\Controllers\session"
in APPPATH\Controllers\Home.php on line 334.
 1 SYSTEMPATH\CodeIgniter.php(915): App\Controllers\Home->aksi_login()
 2 SYSTEMPATH\CodeIgniter.php(492): CodeIgniter\CodeIgniter->runController(Object(App\Controllers\Home))
 3 SYSTEMPATH\CodeIgniter.php(353): CodeIgniter\CodeIgniter->handleRequest(null, Object(Config\Cache), false)
 4 FCPATH\index.php(79): CodeIgniter\CodeIgniter->run()
 5 SYSTEMPATH\Commands\Server\rewrite.php(47): require_once('C:\\ari\\public\\index.php')
CRITICAL - 2023-10-03 04:55:18 --> Undefined constant "App\Controllers\session"
in APPPATH\Controllers\Home.php on line 334.
 1 SYSTEMPATH\CodeIgniter.php(915): App\Controllers\Home->aksi_login()
 2 SYSTEMPATH\CodeIgniter.php(492): CodeIgniter\CodeIgniter->runController(Object(App\Controllers\Home))
 3 SYSTEMPATH\CodeIgniter.php(353): CodeIgniter\CodeIgniter->handleRequest(null, Object(Config\Cache), false)
 4 FCPATH\index.php(79): CodeIgniter\CodeIgniter->run()
 5 SYSTEMPATH\Commands\Server\rewrite.php(47): require_once('C:\\ari\\public\\index.php')
CRITICAL - 2023-10-03 04:55:18 --> Undefined constant "App\Controllers\session"
in APPPATH\Controllers\Home.php on line 334.
 1 SYSTEMPATH\CodeIgniter.php(915): App\Controllers\Home->aksi_login()
 2 SYSTEMPATH\CodeIgniter.php(492): CodeIgniter\CodeIgniter->runController(Object(App\Controllers\Home))
 3 SYSTEMPATH\CodeIgniter.php(353): CodeIgniter\CodeIgniter->handleRequest(null, Object(Config\Cache), false)
 4 FCPATH\index.php(79): CodeIgniter\CodeIgniter->run()
 5 SYSTEMPATH\Commands\Server\rewrite.php(47): require_once('C:\\ari\\public\\index.php')
CRITICAL - 2023-10-03 04:56:49 --> Undefined constant "App\Controllers\session"
in APPPATH\Controllers\Home.php on line 334.
 1 SYSTEMPATH\CodeIgniter.php(915): App\Controllers\Home->aksi_login()
 2 SYSTEMPATH\CodeIgniter.php(492): CodeIgniter\CodeIgniter->runController(Object(App\Controllers\Home))
 3 SYSTEMPATH\CodeIgniter.php(353): CodeIgniter\CodeIgniter->handleRequest(null, Object(Config\Cache), false)
 4 FCPATH\index.php(79): CodeIgniter\CodeIgniter->run()
 5 SYSTEMPATH\Commands\Server\rewrite.php(47): require_once('C:\\ari\\public\\index.php')
CRITICAL - 2023-10-03 04:57:00 --> Undefined constant "App\Controllers\session"
in APPPATH\Controllers\Home.php on line 334.
 1 SYSTEMPATH\CodeIgniter.php(915): App\Controllers\Home->aksi_login()
 2 SYSTEMPATH\CodeIgniter.php(492): CodeIgniter\CodeIgniter->runController(Object(App\Controllers\Home))
 3 SYSTEMPATH\CodeIgniter.php(353): CodeIgniter\CodeIgniter->handleRequest(null, Object(Config\Cache), false)
 4 FCPATH\index.php(79): CodeIgniter\CodeIgniter->run()
 5 SYSTEMPATH\Commands\Server\rewrite.php(47): require_once('C:\\ari\\public\\index.php')
